{
  "stats": {
    "suites": 1,
    "tests": 3,
    "passes": 2,
    "pending": 0,
    "failures": 1,
    "start": "2022-12-17T05:48:34.772Z",
    "end": "2022-12-17T05:49:28.275Z",
    "duration": 53503,
    "testsRegistered": 3,
    "passPercent": 66.66666666666666,
    "pendingPercent": 0,
    "other": 0,
    "hasOther": false,
    "skipped": 0,
    "hasSkipped": false
  },
  "results": [
    {
      "uuid": "35952f01-c63e-42cd-9c23-9a587340a6ae",
      "title": "",
      "fullFile": "cypress\\e2e\\tests\\cart.cy.js",
      "file": "cypress\\e2e\\tests\\cart.cy.js",
      "beforeHooks": [],
      "afterHooks": [],
      "tests": [],
      "suites": [
        {
          "uuid": "789de8b8-1da7-4dd3-80da-b62e523d4f23",
          "title": "Cart",
          "fullFile": "",
          "file": "",
          "beforeHooks": [],
          "afterHooks": [],
          "tests": [
            {
              "title": "View products in cart",
              "fullTitle": "Cart View products in cart",
              "timedOut": null,
              "duration": 23080,
              "state": "passed",
              "speed": "slow",
              "pass": true,
              "fail": false,
              "pending": false,
              "context": null,
              "code": "// Login with valid credentials\ncy.get(_authentication.default.signInRegisterBtn).should('be.visible');\ncy.get(_authentication.default.signInRegisterBtn).click();\n_authentication.default.login('marsenal2@yopmail.com', 'Password123!');\ncy.url().should('contain', 'products'); //Add products to the cart\n_addtocart.default.addToCart();\ncy.get(_addtocart.default.heelsHeader).should('be.visible');\ncy.get(_addtocart.default.heelsHeader).should('have.text', \" Quality Heal Shoes \");\ncy.get(_addtocart.default.backToShopping).should('be.visible');\ncy.get(_addtocart.default.backToShopping).click();\n_addtocart.default.addToCartTwo();\ncy.get(_addtocart.default.cartSummary).should('be.visible');\ncy.get(_addtocart.default.cartSummary).should('have.text', ' Cart summary ');\ncy.get(_addtocart.default.jeansHeader).should('be.visible');\ncy.get(_addtocart.default.jeansHeader).should('have.text', \" Quality Jeans Pants \");\ncy.get(_addtocart.default.backToShopping).should('be.visible');\ncy.get(_addtocart.default.backToShopping).click(); //Navigate to cart\n_cart.default.cartDetails();\ncy.url().should('contain', 'cart');\ncy.wait(3000);\ncy.get(_cart.default.heelsInCart).should('be.visible');\ncy.get(_cart.default.heelsInCart).should('have.text', \" Quality Heal Shoes \");\ncy.get(_cart.default.jeansInCart).should('be.visible');\ncy.get(_cart.default.jeansInCart).should('have.text', \" Quality Jeans Pants \");",
              "err": {},
              "uuid": "1755a58e-640b-4235-91f1-d6fcd6ad83c1",
              "parentUUID": "789de8b8-1da7-4dd3-80da-b62e523d4f23",
              "isHook": false,
              "skipped": false
            },
            {
              "title": "Delete a product from cart",
              "fullTitle": "Cart Delete a product from cart",
              "timedOut": null,
              "duration": 14788,
              "state": "passed",
              "speed": "slow",
              "pass": true,
              "fail": false,
              "pending": false,
              "context": null,
              "code": "// Login with valid credentials\ncy.get(_authentication.default.signInRegisterBtn).should('be.visible');\ncy.get(_authentication.default.signInRegisterBtn).click();\n_authentication.default.login('marsenal2@yopmail.com', 'Password123!');\ncy.url().should('contain', 'products'); //Add a product to the cart\n_addtocart.default.addToCart();\ncy.get(_addtocart.default.backToShopping).should('be.visible');\ncy.get(_addtocart.default.backToShopping).click(); //Navigate to cart\n_cart.default.cartDetails();\ncy.get(_productgallery.default.cartQuantity).should('have.text', \" 1 \"); // Remove a product from the cart\ncy.get(_cart.default.deleteProduct).click();\ncy.get(_productgallery.default.cartQuantity).should('have.text', \" 0 \");",
              "err": {},
              "uuid": "5dfe738b-2e63-4c20-9de2-b737c0eef8ee",
              "parentUUID": "789de8b8-1da7-4dd3-80da-b62e523d4f23",
              "isHook": false,
              "skipped": false
            },
            {
              "title": "Increase the quantity of the product in the cart",
              "fullTitle": "Cart Increase the quantity of the product in the cart",
              "timedOut": null,
              "duration": 15098,
              "state": "failed",
              "speed": null,
              "pass": false,
              "fail": true,
              "pending": false,
              "context": null,
              "code": "// Login with valid credentials\ncy.get(_authentication.default.signInRegisterBtn).should('be.visible');\ncy.get(_authentication.default.signInRegisterBtn).click();\n_authentication.default.login('marsenal2@yopmail.com', 'Password123!');\ncy.url().should('contain', 'products'); //Add a product to the cart\n_addtocart.default.addToCart();\ncy.get(_addtocart.default.backToShopping).should('be.visible');\ncy.get(_addtocart.default.backToShopping).click(); //Navigate to cart\n_cart.default.cartDetails(); // Increase the product quantity\n\ncy.get(_cart.default.quantityIncrease).should('be.visible');\ncy.get(_cart.default.quantityIncrease).click();\ncy.get(_cart.default.productQuantity).should('have.text', \"2\");\ncy.get('.snipcart-item-quantity__total-price').should('have.text', \" $40.00 \");",
              "err": {
                "message": "AssertionError: Timed out retrying after 4000ms: Expected to find element: `.snipcart-modal__close-title`, but never found it.",
                "estack": "AssertionError: Timed out retrying after 4000ms: Expected to find element: `.snipcart-modal__close-title`, but never found it.\n    at Context.eval (webpack:///./cypress/e2e/tests/cart.cy.js:74:35)",
                "diff": null
              },
              "uuid": "517ce166-4d21-4e48-87af-d61d39df3489",
              "parentUUID": "789de8b8-1da7-4dd3-80da-b62e523d4f23",
              "isHook": false,
              "skipped": false
            }
          ],
          "suites": [],
          "passes": [
            "1755a58e-640b-4235-91f1-d6fcd6ad83c1",
            "5dfe738b-2e63-4c20-9de2-b737c0eef8ee"
          ],
          "failures": [
            "517ce166-4d21-4e48-87af-d61d39df3489"
          ],
          "pending": [],
          "skipped": [],
          "duration": 52966,
          "root": false,
          "rootEmpty": false,
          "_timeout": 2000
        }
      ],
      "passes": [],
      "failures": [],
      "pending": [],
      "skipped": [],
      "duration": 0,
      "root": true,
      "rootEmpty": true,
      "_timeout": 2000
    }
  ],
  "meta": {
    "mocha": {
      "version": "7.0.1"
    },
    "mochawesome": {
      "options": {
        "quiet": false,
        "reportFilename": "mochawesome",
        "saveHtml": false,
        "saveJson": true,
        "consoleReporter": "spec",
        "useInlineDiffs": false,
        "code": true
      },
      "version": "7.1.3"
    },
    "marge": {
      "options": {
        "reportDir": "cypress/reports",
        "overwrite": false,
        "html": false,
        "json": true
      },
      "version": "6.2.0"
    }
  }
}