{
  "stats": {
    "suites": 1,
    "tests": 3,
    "passes": 2,
    "pending": 0,
    "failures": 1,
    "start": "2022-12-17T05:56:26.853Z",
    "end": "2022-12-17T05:57:09.726Z",
    "duration": 42873,
    "testsRegistered": 3,
    "passPercent": 66.66666666666666,
    "pendingPercent": 0,
    "other": 0,
    "hasOther": false,
    "skipped": 0,
    "hasSkipped": false
  },
  "results": [
    {
      "uuid": "31c40473-2eea-4638-8a48-5ae96410feb8",
      "title": "",
      "fullFile": "cypress\\e2e\\tests\\productgallery.cy.js",
      "file": "cypress\\e2e\\tests\\productgallery.cy.js",
      "beforeHooks": [],
      "afterHooks": [],
      "tests": [],
      "suites": [
        {
          "uuid": "18533c29-0dc3-41b4-a69a-3016459152c8",
          "title": "Add To Cart",
          "fullFile": "",
          "file": "",
          "beforeHooks": [],
          "afterHooks": [],
          "tests": [
            {
              "title": "View Product Details",
              "fullTitle": "Add To Cart View Product Details",
              "timedOut": null,
              "duration": 14314,
              "state": "passed",
              "speed": "slow",
              "pass": true,
              "fail": false,
              "pending": false,
              "context": null,
              "code": "// Login with valid credentials\ncy.get(_authentication.default.signInRegisterBtn).should('be.visible');\ncy.get(_authentication.default.signInRegisterBtn).click();\n_authentication.default.login('marsenal2@yopmail.com', 'Password123!');\ncy.url().should('contain', 'products'); //View product details\ncy.get(_productgallery.default.vneckDetails).click();\ncy.url().should('contain', 'quality-tshirt-vneck');\ncy.get(_productgallery.default.vneckHeader).should('be.visible');",
              "err": {},
              "uuid": "0b643f75-bc5d-4407-a2e6-8746539a6a85",
              "parentUUID": "18533c29-0dc3-41b4-a69a-3016459152c8",
              "isHook": false,
              "skipped": false
            },
            {
              "title": "Should increase the quantity of a product",
              "fullTitle": "Add To Cart Should increase the quantity of a product",
              "timedOut": null,
              "duration": 16400,
              "state": "failed",
              "speed": null,
              "pass": false,
              "fail": true,
              "pending": false,
              "context": null,
              "code": "// Login with valid credentials\ncy.get(_authentication.default.signInRegisterBtn).should('be.visible');\ncy.get(_authentication.default.signInRegisterBtn).click();\n_authentication.default.login('marsenal2@yopmail.com', 'Password123!');\ncy.url().should('contain', 'products'); //Increase the quantity of a product\ncy.get(_productgallery.default.productIncrease).should('be.visible');\ncy.get(_productgallery.default.productIncrease).click();\ncy.get(_productgallery.default.clickArea).click(); //Add to cart to confirm that the quantity has been recorded\ncy.get(_productgallery.default.hoodyAddToCart).scrollIntoView();\ncy.wait(1500);\ncy.get(_productgallery.default.hoodyAddToCart).click();\ncy.get(_addtocart.default.cartSummary).should('be.visible');\ncy.get(_addtocart.default.cartSummary).should('have.text', ' Cart summary ');\ncy.get(_productgallery.default.cartQuantity).should('have.text', \" 2 \");",
              "err": {
                "message": "AssertionError: Timed out retrying after 4000ms: Expected to find element: `.snipcart-cart-header__title`, but never found it.",
                "estack": "AssertionError: Timed out retrying after 4000ms: Expected to find element: `.snipcart-cart-header__title`, but never found it.\n    at Context.eval (webpack:///./cypress/e2e/tests/productgallery.cy.js:45:34)",
                "diff": null
              },
              "uuid": "c86118d4-105f-46c9-874f-b64dfd4e143f",
              "parentUUID": "18533c29-0dc3-41b4-a69a-3016459152c8",
              "isHook": false,
              "skipped": false
            },
            {
              "title": "Should sign out from the product gallery page",
              "fullTitle": "Add To Cart Should sign out from the product gallery page",
              "timedOut": null,
              "duration": 11687,
              "state": "passed",
              "speed": "slow",
              "pass": true,
              "fail": false,
              "pending": false,
              "context": null,
              "code": "// Login with valid credentials\ncy.get(_authentication.default.signInRegisterBtn).should('be.visible');\ncy.get(_authentication.default.signInRegisterBtn).click();\n_authentication.default.login('marsenal2@yopmail.com', 'Password123!');\ncy.url().should('contain', 'products'); //Sign out from the home page/product gallery\ncy.get(_productgallery.default.logOut).should('be.visible');\ncy.get(_productgallery.default.logOut).click();\ncy.get(_authentication.default.signInRegisterBtn).should('be.visible');",
              "err": {},
              "uuid": "e8646620-bd2c-4a15-a4bf-6001f13b26ec",
              "parentUUID": "18533c29-0dc3-41b4-a69a-3016459152c8",
              "isHook": false,
              "skipped": false
            }
          ],
          "suites": [],
          "passes": [
            "0b643f75-bc5d-4407-a2e6-8746539a6a85",
            "e8646620-bd2c-4a15-a4bf-6001f13b26ec"
          ],
          "failures": [
            "c86118d4-105f-46c9-874f-b64dfd4e143f"
          ],
          "pending": [],
          "skipped": [],
          "duration": 42401,
          "root": false,
          "rootEmpty": false,
          "_timeout": 2000
        }
      ],
      "passes": [],
      "failures": [],
      "pending": [],
      "skipped": [],
      "duration": 0,
      "root": true,
      "rootEmpty": true,
      "_timeout": 2000
    }
  ],
  "meta": {
    "mocha": {
      "version": "7.0.1"
    },
    "mochawesome": {
      "options": {
        "quiet": false,
        "reportFilename": "mochawesome",
        "saveHtml": false,
        "saveJson": true,
        "consoleReporter": "spec",
        "useInlineDiffs": false,
        "code": true
      },
      "version": "7.1.3"
    },
    "marge": {
      "options": {
        "reportDir": "cypress/reports",
        "overwrite": false,
        "html": false,
        "json": true
      },
      "version": "6.2.0"
    }
  }
}