{
  "stats": {
    "suites": 1,
    "tests": 2,
    "passes": 2,
    "pending": 0,
    "failures": 0,
    "start": "2022-12-17T05:09:09.781Z",
    "end": "2022-12-17T05:09:26.574Z",
    "duration": 16793,
    "testsRegistered": 2,
    "passPercent": 100,
    "pendingPercent": 0,
    "other": 0,
    "hasOther": false,
    "skipped": 0,
    "hasSkipped": false
  },
  "results": [
    {
      "uuid": "20ca9f4d-6a08-434a-90c1-ea2b679aae32",
      "title": "",
      "fullFile": "cypress\\e2e\\tests\\login.cy.js",
      "file": "cypress\\e2e\\tests\\login.cy.js",
      "beforeHooks": [],
      "afterHooks": [],
      "tests": [],
      "suites": [
        {
          "uuid": "1245db47-e7d0-4935-8eae-0242fd3b86b6",
          "title": "Authentication",
          "fullFile": "",
          "file": "",
          "beforeHooks": [],
          "afterHooks": [],
          "tests": [
            {
              "title": "Should log in a valid user",
              "fullTitle": "Authentication Should log in a valid user",
              "timedOut": null,
              "duration": 9870,
              "state": "passed",
              "speed": "medium",
              "pass": true,
              "fail": false,
              "pending": false,
              "context": null,
              "code": "// Login with valid credentials\ncy.get(_authentication.default.signInRegisterBtn).should('be.visible');\ncy.get(_authentication.default.signInRegisterBtn).click();\n_authentication.default.login('marsenal2@yopmail.com', 'Password123!');\ncy.url().should('contain', 'products');",
              "err": {},
              "uuid": "ff74b273-fd3f-4c2f-ba3b-eb8e88cdfd76",
              "parentUUID": "1245db47-e7d0-4935-8eae-0242fd3b86b6",
              "isHook": false,
              "skipped": false
            },
            {
              "title": "Log in with invalid email",
              "fullTitle": "Authentication Log in with invalid email",
              "timedOut": null,
              "duration": 6265,
              "state": "passed",
              "speed": "medium",
              "pass": true,
              "fail": false,
              "pending": false,
              "context": null,
              "code": "// Login with invalid credentials\ncy.get(_authentication.default.signInRegisterBtn).should('be.visible');\ncy.get(_authentication.default.signInRegisterBtn).click();\ncy.get(_authentication.default.emailField).type('wetest22@yopmail.com'); //email not registered\ncy.get(_authentication.default.passwordField).type('notTrue123!');\ncy.get(_authentication.default.submitBtn).should('be.visible');\ncy.get(_authentication.default.submitBtn).click();\ncy.get(_authentication.default.errorMsg).should('be.visible');\ncy.get(_authentication.default.errorMsg).should('have.text', 'Wrong email or password.');",
              "err": {},
              "uuid": "23765980-1ba9-4bf4-80b7-7d37d96a9206",
              "parentUUID": "1245db47-e7d0-4935-8eae-0242fd3b86b6",
              "isHook": false,
              "skipped": false
            }
          ],
          "suites": [],
          "passes": [
            "ff74b273-fd3f-4c2f-ba3b-eb8e88cdfd76",
            "23765980-1ba9-4bf4-80b7-7d37d96a9206"
          ],
          "failures": [],
          "pending": [],
          "skipped": [],
          "duration": 16135,
          "root": false,
          "rootEmpty": false,
          "_timeout": 2000
        }
      ],
      "passes": [],
      "failures": [],
      "pending": [],
      "skipped": [],
      "duration": 0,
      "root": true,
      "rootEmpty": true,
      "_timeout": 2000
    }
  ],
  "meta": {
    "mocha": {
      "version": "7.0.1"
    },
    "mochawesome": {
      "options": {
        "quiet": false,
        "reportFilename": "mochawesome",
        "saveHtml": false,
        "saveJson": true,
        "consoleReporter": "spec",
        "useInlineDiffs": false,
        "code": true
      },
      "version": "7.1.3"
    },
    "marge": {
      "options": {
        "reportDir": "cypress/reports",
        "overwrite": false,
        "html": false,
        "json": true
      },
      "version": "6.2.0"
    }
  }
}