{
  "stats": {
    "suites": 1,
    "tests": 4,
    "passes": 3,
    "pending": 0,
    "failures": 1,
    "start": "2022-12-17T06:53:10.097Z",
    "end": "2022-12-17T06:54:47.353Z",
    "duration": 97256,
    "testsRegistered": 4,
    "passPercent": 75,
    "pendingPercent": 0,
    "other": 0,
    "hasOther": false,
    "skipped": 0,
    "hasSkipped": false
  },
  "results": [
    {
      "uuid": "d8691436-cbdb-4470-927b-820d2b32293e",
      "title": "",
      "fullFile": "cypress\\e2e\\tests\\datadriven.cy.js",
      "file": "cypress\\e2e\\tests\\datadriven.cy.js",
      "beforeHooks": [],
      "afterHooks": [],
      "tests": [],
      "suites": [
        {
          "uuid": "f4403d15-47bb-4a94-b97f-8148eccdaca5",
          "title": "Data Driven Billing Information",
          "fullFile": "",
          "file": "",
          "beforeHooks": [],
          "afterHooks": [],
          "tests": [
            {
              "title": "Add Complete Billing Information",
              "fullTitle": "Data Driven Billing Information Add Complete Billing Information",
              "timedOut": null,
              "duration": 20895,
              "state": "failed",
              "speed": null,
              "pass": false,
              "fail": true,
              "pending": false,
              "context": null,
              "code": "// Login with valid credentials\ncy.get('#signInOrRegister').should('be.visible');\ncy.get('#signInOrRegister').click();\n_authentication.default.login('marsenal2@yopmail.com', 'Password123!'); //Add products to the cart\n\n_addtocart.default.addToCart();\ncy.get(_addtocart.default.backToShopping).should('be.visible');\ncy.get(_addtocart.default.backToShopping).click();\n_addtocart.default.addToCartTwo();\ncy.get(_addtocart.default.cartSummary).should('be.visible');\ncy.get(_addtocart.default.cartSummary).should('have.text', ' Cart summary '); //Navigate to checkout\ncy.get(_checkout.default.checkoutBtn).scrollIntoView();\ncy.wait(1500);\ncy.get(_checkout.default.checkoutBtn).should('be.visible');\ncy.get(_checkout.default.checkoutBtn).click(); //Enter billing information\ncy.get(_checkout.default.fullName).type(_billing.default.valid.fullname);\ncy.get(_checkout.default.emailAddress).type(_billing.default.valid.email);\ncy.get(_checkout.default.streetAddress).type(_billing.default.valid.streetaddress);\ncy.get(_checkout.default.aptNumber).type(_billing.default.valid.Apt);\ncy.get(_checkout.default.city).type(_billing.default.valid.City);\ncy.get(_checkout.default.country).select('Japan');\ncy.get(_checkout.default.province).type(_billing.default.valid.Province);\ncy.get(_checkout.default.zipCode).type(_billing.default.valid.ZipCode);\ncy.get(_checkout.default.paymentBtn).click();\ncy.get(_checkout.default.paymentHeader).scrollIntoView();\ncy.get(_checkout.default.paymentHeader).should('be.visible');",
              "err": {
                "message": "AssertionError: Timed out retrying after 4000ms: Expected to find element: `.snipcart-modal__close-title`, but never found it.",
                "estack": "AssertionError: Timed out retrying after 4000ms: Expected to find element: `.snipcart-modal__close-title`, but never found it.\n    at Context.eval (webpack:///./cypress/e2e/tests/datadriven.cy.js:21:36)",
                "diff": null
              },
              "uuid": "9952d646-a27b-4bc9-8b32-842d4e90a3fc",
              "parentUUID": "f4403d15-47bb-4a94-b97f-8148eccdaca5",
              "isHook": false,
              "skipped": false
            },
            {
              "title": "Omit Full Name from Billing Information",
              "fullTitle": "Data Driven Billing Information Omit Full Name from Billing Information",
              "timedOut": null,
              "duration": 25649,
              "state": "passed",
              "speed": "slow",
              "pass": true,
              "fail": false,
              "pending": false,
              "context": null,
              "code": "// Login with valid credentials\ncy.get('#signInOrRegister').should('be.visible');\ncy.get('#signInOrRegister').click();\n_authentication.default.login('marsenal2@yopmail.com', 'Password123!'); //Add products to the cart\n\n_addtocart.default.addToCart();\ncy.get(_addtocart.default.backToShopping).should('be.visible');\ncy.get(_addtocart.default.backToShopping).click();\n_addtocart.default.addToCartTwo();\ncy.get(_addtocart.default.cartSummary).should('be.visible');\ncy.get(_addtocart.default.cartSummary).should('have.text', ' Cart summary '); //Navigate to checkout\ncy.get(_checkout.default.checkoutBtn).scrollIntoView();\ncy.wait(1500);\ncy.get(_checkout.default.checkoutBtn).should('be.visible');\ncy.get(_checkout.default.checkoutBtn).click(); //Enter billing information without full name\ncy.get(_checkout.default.emailAddress).type(_billing.default.missingname.email);\ncy.get(_checkout.default.streetAddress).type(_billing.default.missingname.streetaddress);\ncy.get(_checkout.default.aptNumber).type(_billing.default.missingname.Apt);\ncy.get(_checkout.default.city).type(_billing.default.missingname.City);\ncy.get(_checkout.default.country).select('Namibia');\ncy.get(_checkout.default.province).type(_billing.default.missingname.Province);\ncy.get(_checkout.default.zipCode).type(_billing.default.missingname.ZipCode);\ncy.get(_checkout.default.paymentBtn).click({\n  force: true\n});",
              "err": {},
              "uuid": "895998ae-7266-46fe-815b-dfc19d57e531",
              "parentUUID": "f4403d15-47bb-4a94-b97f-8148eccdaca5",
              "isHook": false,
              "skipped": false
            },
            {
              "title": "Omit Email Address from Billing Information",
              "fullTitle": "Data Driven Billing Information Omit Email Address from Billing Information",
              "timedOut": null,
              "duration": 25420,
              "state": "passed",
              "speed": "slow",
              "pass": true,
              "fail": false,
              "pending": false,
              "context": null,
              "code": "// Login with valid credentials\ncy.get('#signInOrRegister').should('be.visible');\ncy.get('#signInOrRegister').click();\n_authentication.default.login('marsenal2@yopmail.com', 'Password123!'); //Add products to the cart\n\n_addtocart.default.addToCart();\ncy.get(_addtocart.default.backToShopping).should('be.visible');\ncy.get(_addtocart.default.backToShopping).click();\n_addtocart.default.addToCartTwo();\ncy.get(_addtocart.default.cartSummary).should('be.visible');\ncy.get(_addtocart.default.cartSummary).should('have.text', ' Cart summary '); //Navigate to checkout\ncy.get(_checkout.default.checkoutBtn).scrollIntoView();\ncy.wait(1500);\ncy.get(_checkout.default.checkoutBtn).should('be.visible');\ncy.get(_checkout.default.checkoutBtn).click(); //Enter billing information without email address\ncy.get(_checkout.default.fullName).type(_billing.default.missingemail.fullname);\ncy.get(_checkout.default.streetAddress).type(_billing.default.missingemail.streetaddress);\ncy.get(_checkout.default.aptNumber).type(_billing.default.missingemail.Apt);\ncy.get(_checkout.default.city).type(_billing.default.missingemail.City);\ncy.get(_checkout.default.country).select('France');\ncy.get(_checkout.default.province).type(_billing.default.missingemail.Province);\ncy.get(_checkout.default.zipCode).type(_billing.default.missingemail.ZipCode);\ncy.get(_checkout.default.paymentBtn).click();\ncy.get(_checkout.default.emailError).scrollIntoView();\ncy.get(_checkout.default.emailError).should('be.visible');",
              "err": {},
              "uuid": "488081bc-c0f7-48cd-8947-6634b0d3ee13",
              "parentUUID": "f4403d15-47bb-4a94-b97f-8148eccdaca5",
              "isHook": false,
              "skipped": false
            },
            {
              "title": "Omit Zip Code from Billing Information",
              "fullTitle": "Data Driven Billing Information Omit Zip Code from Billing Information",
              "timedOut": null,
              "duration": 24314,
              "state": "passed",
              "speed": "slow",
              "pass": true,
              "fail": false,
              "pending": false,
              "context": null,
              "code": "// Login with valid credentials\ncy.get('#signInOrRegister').should('be.visible');\ncy.get('#signInOrRegister').click();\n_authentication.default.login('marsenal2@yopmail.com', 'Password123!'); //Add products to the cart\n\n_addtocart.default.addToCart();\ncy.get(_addtocart.default.backToShopping).should('be.visible');\ncy.get(_addtocart.default.backToShopping).click();\n_addtocart.default.addToCartTwo();\ncy.get(_addtocart.default.cartSummary).should('be.visible');\ncy.get(_addtocart.default.cartSummary).should('have.text', ' Cart summary '); //Navigate to checkout\ncy.get(_checkout.default.checkoutBtn).scrollIntoView();\ncy.wait(1500);\ncy.get(_checkout.default.checkoutBtn).should('be.visible');\ncy.get(_checkout.default.checkoutBtn).click(); //Enter billing information without zipcode\ncy.get(_checkout.default.fullName).type(_billing.default.missingzipcode.fullname);\ncy.get(_checkout.default.emailAddress).type(_billing.default.missingzipcode.email);\ncy.get(_checkout.default.streetAddress).type(_billing.default.missingzipcode.streetaddress);\ncy.get(_checkout.default.aptNumber).type(_billing.default.missingzipcode.Apt);\ncy.get(_checkout.default.city).type(_billing.default.missingzipcode.City);\ncy.get(_checkout.default.country).select('Brazil');\ncy.get(_checkout.default.province).type(_billing.default.missingzipcode.Province);\ncy.get(_checkout.default.paymentBtn).click();\ncy.get(_checkout.default.zipcodeError).scrollIntoView();\ncy.get(_checkout.default.zipcodeError).should('be.visible');",
              "err": {},
              "uuid": "3d674374-cb1b-4498-9add-60d0544aee5f",
              "parentUUID": "f4403d15-47bb-4a94-b97f-8148eccdaca5",
              "isHook": false,
              "skipped": false
            }
          ],
          "suites": [],
          "passes": [
            "895998ae-7266-46fe-815b-dfc19d57e531",
            "488081bc-c0f7-48cd-8947-6634b0d3ee13",
            "3d674374-cb1b-4498-9add-60d0544aee5f"
          ],
          "failures": [
            "9952d646-a27b-4bc9-8b32-842d4e90a3fc"
          ],
          "pending": [],
          "skipped": [],
          "duration": 96278,
          "root": false,
          "rootEmpty": false,
          "_timeout": 2000
        }
      ],
      "passes": [],
      "failures": [],
      "pending": [],
      "skipped": [],
      "duration": 0,
      "root": true,
      "rootEmpty": true,
      "_timeout": 2000
    }
  ],
  "meta": {
    "mocha": {
      "version": "7.0.1"
    },
    "mochawesome": {
      "options": {
        "quiet": false,
        "reportFilename": "mochawesome",
        "saveHtml": false,
        "saveJson": true,
        "consoleReporter": "spec",
        "useInlineDiffs": false,
        "code": true
      },
      "version": "7.1.3"
    },
    "marge": {
      "options": {
        "reportDir": "cypress/reports",
        "overwrite": false,
        "html": false,
        "json": true
      },
      "version": "6.2.0"
    }
  }
}