{
  "stats": {
    "suites": 1,
    "tests": 3,
    "passes": 3,
    "pending": 0,
    "failures": 0,
    "start": "2022-12-17T06:46:51.683Z",
    "end": "2022-12-17T06:47:33.111Z",
    "duration": 41428,
    "testsRegistered": 3,
    "passPercent": 100,
    "pendingPercent": 0,
    "other": 0,
    "hasOther": false,
    "skipped": 0,
    "hasSkipped": false
  },
  "results": [
    {
      "uuid": "6d79479a-a0c1-4b7d-bf2e-04daec6f4637",
      "title": "",
      "fullFile": "cypress\\e2e\\tests\\productdetails.cy.js",
      "file": "cypress\\e2e\\tests\\productdetails.cy.js",
      "beforeHooks": [],
      "afterHooks": [],
      "tests": [],
      "suites": [
        {
          "uuid": "3aa1c44d-551b-4e92-9e31-3b386403945f",
          "title": "Product Details",
          "fullFile": "",
          "file": "",
          "beforeHooks": [],
          "afterHooks": [],
          "tests": [
            {
              "title": "Navigate to a related product",
              "fullTitle": "Product Details Navigate to a related product",
              "timedOut": null,
              "duration": 17355,
              "state": "passed",
              "speed": "slow",
              "pass": true,
              "fail": false,
              "pending": false,
              "context": null,
              "code": "// Login with valid credentials\ncy.get(_authentication.default.signInRegisterBtn).should('be.visible');\ncy.get(_authentication.default.signInRegisterBtn).click();\n_authentication.default.login('marsenal2@yopmail.com', 'Password123!');\ncy.get(_authentication.default.banner).should('be.visible');\ncy.get(_authentication.default.banner).should('have.text', \"Products\"); //Select a product\ncy.get(_details.default.sweatShirt).should('be.visible');\ncy.get(_details.default.sweatShirt).click();\ncy.url().should('contain', 'quality-sweatshirt');\ncy.get(_details.default.productHeader).should('have.text', \"Quality Sweatshirt \"); //Related Products\ncy.get(_details.default.relatedHeader).scrollIntoView();\ncy.get(_details.default.relatedHeader).should('have.text', \"Related Products\");\ncy.get(_details.default.relatedProductName).should('have.text', \"Quality Hooded Sweatshirt\");\ncy.get(_details.default.relatedProduct).should('be.visible');\ncy.get(_details.default.relatedProduct).click();\ncy.url().should('contain', 'quality-sweatshirt-hooded');\ncy.get(_details.default.productHeader).should('have.text', \"Quality Hooded Sweatshirt \");",
              "err": {},
              "uuid": "4ff4fba5-78cb-4cfe-b2ea-00b70e26aa35",
              "parentUUID": "3aa1c44d-551b-4e92-9e31-3b386403945f",
              "isHook": false,
              "skipped": false
            },
            {
              "title": "Confirm that product description exists",
              "fullTitle": "Product Details Confirm that product description exists",
              "timedOut": null,
              "duration": 11877,
              "state": "passed",
              "speed": "slow",
              "pass": true,
              "fail": false,
              "pending": false,
              "context": null,
              "code": "// Login with valid credentials\ncy.get(_authentication.default.signInRegisterBtn).should('be.visible');\ncy.get(_authentication.default.signInRegisterBtn).click();\n_authentication.default.login('marsenal2@yopmail.com', 'Password123!');\ncy.get(_authentication.default.banner).should('be.visible');\ncy.get(_authentication.default.banner).should('have.text', \"Products\"); //Select a product\ncy.get(_details.default.sweatShirt).should('be.visible');\ncy.get(_details.default.sweatShirt).click();\ncy.url().should('contain', 'quality-sweatshirt');\ncy.get(_details.default.productHeader).should('have.text', \"Quality Sweatshirt \"); //Product Details\ncy.get(_details.default.productDescription).should('be.visible');\ncy.get(_details.default.productDescription).should('have.text', \"Hanes Men's Sweatshirt, EcoSmart Fleece Crewneck Sweatshirt, Cotton-Blend Fleece Sweatshirt, Plush Fleece Pullover Sweatshirt\");",
              "err": {},
              "uuid": "7d2d9804-0aa7-49d5-9570-e0ff9174c721",
              "parentUUID": "3aa1c44d-551b-4e92-9e31-3b386403945f",
              "isHook": false,
              "skipped": false
            },
            {
              "title": "Increase the quantity of a product from the details page and add item to cart",
              "fullTitle": "Product Details Increase the quantity of a product from the details page and add item to cart",
              "timedOut": null,
              "duration": 11865,
              "state": "passed",
              "speed": "slow",
              "pass": true,
              "fail": false,
              "pending": false,
              "context": null,
              "code": "// Login with valid credentials\ncy.get(_authentication.default.signInRegisterBtn).should('be.visible');\ncy.get(_authentication.default.signInRegisterBtn).click();\n_authentication.default.login('marsenal2@yopmail.com', 'Password123!');\ncy.get(_authentication.default.banner).should('be.visible');\ncy.get(_authentication.default.banner).should('have.text', \"Products\"); //Select a product\ncy.get(_details.default.sweatShirt).should('be.visible');\ncy.get(_details.default.sweatShirt).click();\ncy.url().should('contain', 'quality-sweatshirt');\ncy.get(_details.default.productHeader).should('have.text', \"Quality Sweatshirt \"); //Increase product quantity\ncy.get(_details.default.productIncrease).click();\ncy.get(_details.default.productIncrease).click();\ncy.get(_details.default.productIncrease).click(); //Add item to cart\ncy.get(_details.default.sweaterAddToCart).click();\ncy.get(_addtocart.default.cartSummary).should('be.visible');\ncy.get(_addtocart.default.cartSummary).should('have.text', ' Cart summary ');\ncy.get(_details.default.sweaterHeader).should('be.visible');\ncy.get(_details.default.sweaterHeader).should('have.text', \" Quality Sweatshirt \");\ncy.get(_details.default.sweaterQty).should('have.text', \"4\");",
              "err": {},
              "uuid": "48ff4eb7-8671-41aa-9f81-f9878fd86f0b",
              "parentUUID": "3aa1c44d-551b-4e92-9e31-3b386403945f",
              "isHook": false,
              "skipped": false
            }
          ],
          "suites": [],
          "passes": [
            "4ff4fba5-78cb-4cfe-b2ea-00b70e26aa35",
            "7d2d9804-0aa7-49d5-9570-e0ff9174c721",
            "48ff4eb7-8671-41aa-9f81-f9878fd86f0b"
          ],
          "failures": [],
          "pending": [],
          "skipped": [],
          "duration": 41097,
          "root": false,
          "rootEmpty": false,
          "_timeout": 2000
        }
      ],
      "passes": [],
      "failures": [],
      "pending": [],
      "skipped": [],
      "duration": 0,
      "root": true,
      "rootEmpty": true,
      "_timeout": 2000
    }
  ],
  "meta": {
    "mocha": {
      "version": "7.0.1"
    },
    "mochawesome": {
      "options": {
        "quiet": false,
        "reportFilename": "mochawesome",
        "saveHtml": false,
        "saveJson": true,
        "consoleReporter": "spec",
        "useInlineDiffs": false,
        "code": true
      },
      "version": "7.1.3"
    },
    "marge": {
      "options": {
        "reportDir": "cypress/reports",
        "overwrite": false,
        "html": false,
        "json": true
      },
      "version": "6.2.0"
    }
  }
}