{
  "stats": {
    "suites": 1,
    "tests": 3,
    "passes": 2,
    "pending": 0,
    "failures": 1,
    "start": "2022-12-17T05:55:34.100Z",
    "end": "2022-12-17T05:56:15.651Z",
    "duration": 41551,
    "testsRegistered": 3,
    "passPercent": 66.66666666666666,
    "pendingPercent": 0,
    "other": 0,
    "hasOther": false,
    "skipped": 0,
    "hasSkipped": false
  },
  "results": [
    {
      "uuid": "2de5e330-d55e-4979-b6af-9a8733a2d437",
      "title": "",
      "fullFile": "cypress\\e2e\\tests\\productdetails.cy.js",
      "file": "cypress\\e2e\\tests\\productdetails.cy.js",
      "beforeHooks": [],
      "afterHooks": [],
      "tests": [],
      "suites": [
        {
          "uuid": "17397d6b-d3e2-4c95-8273-7e2739300158",
          "title": "Product Details",
          "fullFile": "",
          "file": "",
          "beforeHooks": [],
          "afterHooks": [],
          "tests": [
            {
              "title": "Navigate to a related product",
              "fullTitle": "Product Details Navigate to a related product",
              "timedOut": null,
              "duration": 13834,
              "state": "failed",
              "speed": null,
              "pass": false,
              "fail": true,
              "pending": false,
              "context": null,
              "code": "// Login with valid credentials\ncy.get(_authentication.default.signInRegisterBtn).should('be.visible');\ncy.get(_authentication.default.signInRegisterBtn).click();\n_authentication.default.login('marsenal2@yopmail.com', 'Password123!');\ncy.get(_authentication.default.banner).should('be.visible');\ncy.get(_authentication.default.banner).should('have.text', \"Products\"); //Select a product\ncy.get(_details.default.sweatShirt).should('be.visible');\ncy.get(_details.default.sweatShirt).click();\ncy.url().should('contain', 'quality-sweatshirt');\ncy.get(_details.default.productHeader).should('have.text', \"Quality Sweatshirt \"); //Related Products\ncy.get(_details.default.relatedHeader).scrollIntoView();\ncy.get(_details.default.relatedHeader).should('have.text', \"Related Products\");\ncy.get(_details.default.relatedProductName).should('have.text', \"Quality Hooded Sweatshirt\");\ncy.get(_details.default.relatedProduct).should('be.visible');\ncy.get(_details.default.relatedProduct).click();\ncy.url().should('contain', 'quality-sweatshirt-hooded');\ncy.get(_details.default.productHeader).should('have.text', \"Quality Hooded Sweatshirt \");",
              "err": {
                "message": "AssertionError: Timed out retrying after 4000ms: Expected to find element: `.chakra-image.css-2i84d9[src=\"/images/quality-sweatshirt.jpg\"]`, but never found it.",
                "estack": "AssertionError: Timed out retrying after 4000ms: Expected to find element: `.chakra-image.css-2i84d9[src=\"/images/quality-sweatshirt.jpg\"]`, but never found it.\n    at Context.eval (webpack:///./cypress/e2e/tests/productdetails.cy.js:20:29)",
                "diff": null
              },
              "uuid": "f123cdde-3ffd-4d15-beae-87f3e05f054f",
              "parentUUID": "17397d6b-d3e2-4c95-8273-7e2739300158",
              "isHook": false,
              "skipped": false
            },
            {
              "title": "Confirm that product description exists",
              "fullTitle": "Product Details Confirm that product description exists",
              "timedOut": null,
              "duration": 12930,
              "state": "passed",
              "speed": "slow",
              "pass": true,
              "fail": false,
              "pending": false,
              "context": null,
              "code": "// Login with valid credentials\ncy.get(_authentication.default.signInRegisterBtn).should('be.visible');\ncy.get(_authentication.default.signInRegisterBtn).click();\n_authentication.default.login('marsenal2@yopmail.com', 'Password123!');\ncy.get(_authentication.default.banner).should('be.visible');\ncy.get(_authentication.default.banner).should('have.text', \"Products\"); //Select a product\ncy.get(_details.default.sweatShirt).should('be.visible');\ncy.get(_details.default.sweatShirt).click();\ncy.url().should('contain', 'quality-sweatshirt');\ncy.get(_details.default.productHeader).should('have.text', \"Quality Sweatshirt \"); //Product Details\ncy.get(_details.default.productDescription).should('be.visible');\ncy.get(_details.default.productDescription).should('have.text', \"Hanes Men's Sweatshirt, EcoSmart Fleece Crewneck Sweatshirt, Cotton-Blend Fleece Sweatshirt, Plush Fleece Pullover Sweatshirt\");",
              "err": {},
              "uuid": "26cfdeda-dba6-4bf2-b537-d51583a3e865",
              "parentUUID": "17397d6b-d3e2-4c95-8273-7e2739300158",
              "isHook": false,
              "skipped": false
            },
            {
              "title": "Increase the quantity of a product from the details page and add item to cart",
              "fullTitle": "Product Details Increase the quantity of a product from the details page and add item to cart",
              "timedOut": null,
              "duration": 14205,
              "state": "passed",
              "speed": "slow",
              "pass": true,
              "fail": false,
              "pending": false,
              "context": null,
              "code": "// Login with valid credentials\ncy.get(_authentication.default.signInRegisterBtn).should('be.visible');\ncy.get(_authentication.default.signInRegisterBtn).click();\n_authentication.default.login('marsenal2@yopmail.com', 'Password123!');\ncy.get(_authentication.default.banner).should('be.visible');\ncy.get(_authentication.default.banner).should('have.text', \"Products\"); //Select a product\ncy.get(_details.default.sweatShirt).should('be.visible');\ncy.get(_details.default.sweatShirt).click();\ncy.url().should('contain', 'quality-sweatshirt');\ncy.get(_details.default.productHeader).should('have.text', \"Quality Sweatshirt \"); //Increase product quantity\ncy.get(_details.default.productIncrease).click();\ncy.get(_details.default.productIncrease).click();\ncy.get(_details.default.productIncrease).click(); //Add item to cart\ncy.get(_details.default.sweaterAddToCart).click();\ncy.get(_addtocart.default.cartSummary).should('be.visible');\ncy.get(_addtocart.default.cartSummary).should('have.text', ' Cart summary ');\ncy.get(_details.default.sweaterHeader).should('be.visible');\ncy.get(_details.default.sweaterHeader).should('have.text', \" Quality Sweatshirt \");\ncy.get(_details.default.sweaterQty).should('have.text', \"4\");",
              "err": {},
              "uuid": "4cc22943-59f1-431e-aebb-542efe29ddd6",
              "parentUUID": "17397d6b-d3e2-4c95-8273-7e2739300158",
              "isHook": false,
              "skipped": false
            }
          ],
          "suites": [],
          "passes": [
            "26cfdeda-dba6-4bf2-b537-d51583a3e865",
            "4cc22943-59f1-431e-aebb-542efe29ddd6"
          ],
          "failures": [
            "f123cdde-3ffd-4d15-beae-87f3e05f054f"
          ],
          "pending": [],
          "skipped": [],
          "duration": 40969,
          "root": false,
          "rootEmpty": false,
          "_timeout": 2000
        }
      ],
      "passes": [],
      "failures": [],
      "pending": [],
      "skipped": [],
      "duration": 0,
      "root": true,
      "rootEmpty": true,
      "_timeout": 2000
    }
  ],
  "meta": {
    "mocha": {
      "version": "7.0.1"
    },
    "mochawesome": {
      "options": {
        "quiet": false,
        "reportFilename": "mochawesome",
        "saveHtml": false,
        "saveJson": true,
        "consoleReporter": "spec",
        "useInlineDiffs": false,
        "code": true
      },
      "version": "7.1.3"
    },
    "marge": {
      "options": {
        "reportDir": "cypress/reports",
        "overwrite": false,
        "html": false,
        "json": true
      },
      "version": "6.2.0"
    }
  }
}