{
  "stats": {
    "suites": 1,
    "tests": 3,
    "passes": 3,
    "pending": 0,
    "failures": 0,
    "start": "2022-12-17T05:58:00.690Z",
    "end": "2022-12-17T05:58:35.517Z",
    "duration": 34827,
    "testsRegistered": 3,
    "passPercent": 100,
    "pendingPercent": 0,
    "other": 0,
    "hasOther": false,
    "skipped": 0,
    "hasSkipped": false
  },
  "results": [
    {
      "uuid": "993687c4-fcf7-438b-b341-d73fd8660de6",
      "title": "",
      "fullFile": "cypress\\e2e\\tests\\search.cy.js",
      "file": "cypress\\e2e\\tests\\search.cy.js",
      "beforeHooks": [],
      "afterHooks": [],
      "tests": [],
      "suites": [
        {
          "uuid": "7e648feb-e290-4525-ae16-79c34a52b257",
          "title": "Search",
          "fullFile": "",
          "file": "",
          "beforeHooks": [],
          "afterHooks": [],
          "tests": [
            {
              "title": "Should return exact results for a full name search",
              "fullTitle": "Search Should return exact results for a full name search",
              "timedOut": null,
              "duration": 12849,
              "state": "passed",
              "speed": "slow",
              "pass": true,
              "fail": false,
              "pending": false,
              "context": null,
              "code": "// Login with valid credentials\ncy.get(_authentication.default.signInRegisterBtn).should('be.visible');\ncy.get(_authentication.default.signInRegisterBtn).click();\n_authentication.default.login('marsenal2@yopmail.com', 'Password123!');\ncy.url().should('contain', 'products'); //Search for the product \"Red Couch\"\ncy.get(_search.default.searchBar).type('Red Couch');\ncy.get(_search.default.redCouch).should('be.visible');\ncy.get(_search.default.redCouch).should('have.text', 'Red Couch');",
              "err": {},
              "uuid": "a68de475-6098-4575-9236-5957e58e93e4",
              "parentUUID": "7e648feb-e290-4525-ae16-79c34a52b257",
              "isHook": false,
              "skipped": false
            },
            {
              "title": "Should return correct results for a partial name search",
              "fullTitle": "Search Should return correct results for a partial name search",
              "timedOut": null,
              "duration": 10447,
              "state": "passed",
              "speed": "slow",
              "pass": true,
              "fail": false,
              "pending": false,
              "context": null,
              "code": "// Login with valid credentials\ncy.get(_authentication.default.signInRegisterBtn).should('be.visible');\ncy.get(_authentication.default.signInRegisterBtn).click();\n_authentication.default.login('marsenal2@yopmail.com', 'Password123!');\ncy.url().should('contain', 'products'); //Search for \"pants\"\ncy.get(_search.default.searchBar).type('Pants');\ncy.get(_search.default.pinkPants).should('be.visible');\ncy.get(_search.default.cargoPants).should('be.visible');\ncy.get(_search.default.jeansPants).should('be.visible');",
              "err": {},
              "uuid": "0a42a55c-6d52-4b02-9e91-3b5a73c7128e",
              "parentUUID": "7e648feb-e290-4525-ae16-79c34a52b257",
              "isHook": false,
              "skipped": false
            },
            {
              "title": "Should reset the search filter",
              "fullTitle": "Search Should reset the search filter",
              "timedOut": null,
              "duration": 10946,
              "state": "passed",
              "speed": "slow",
              "pass": true,
              "fail": false,
              "pending": false,
              "context": null,
              "code": "// Login with valid credentials\ncy.get(_authentication.default.signInRegisterBtn).should('be.visible');\ncy.get(_authentication.default.signInRegisterBtn).click();\n_authentication.default.login('marsenal2@yopmail.com', 'Password123!');\ncy.url().should('contain', 'products'); //Search for \"Red Couch\"\ncy.get(_search.default.searchBar).type('Red Couch');\ncy.get(_search.default.redCouch).should('be.visible');\ncy.get(_search.default.redCouch).should('have.text', 'Red Couch'); //Reset the search\ncy.get(_search.default.resetBtn).click();\ncy.get(_search.default.allProducts).should('be.visible');\ncy.get(_search.default.allProducts).should('have.length', 22);",
              "err": {},
              "uuid": "7da1a260-bcee-4d2f-b19c-21870522c454",
              "parentUUID": "7e648feb-e290-4525-ae16-79c34a52b257",
              "isHook": false,
              "skipped": false
            }
          ],
          "suites": [],
          "passes": [
            "a68de475-6098-4575-9236-5957e58e93e4",
            "0a42a55c-6d52-4b02-9e91-3b5a73c7128e",
            "7da1a260-bcee-4d2f-b19c-21870522c454"
          ],
          "failures": [],
          "pending": [],
          "skipped": [],
          "duration": 34242,
          "root": false,
          "rootEmpty": false,
          "_timeout": 2000
        }
      ],
      "passes": [],
      "failures": [],
      "pending": [],
      "skipped": [],
      "duration": 0,
      "root": true,
      "rootEmpty": true,
      "_timeout": 2000
    }
  ],
  "meta": {
    "mocha": {
      "version": "7.0.1"
    },
    "mochawesome": {
      "options": {
        "quiet": false,
        "reportFilename": "mochawesome",
        "saveHtml": false,
        "saveJson": true,
        "consoleReporter": "spec",
        "useInlineDiffs": false,
        "code": true
      },
      "version": "7.1.3"
    },
    "marge": {
      "options": {
        "reportDir": "cypress/reports",
        "overwrite": false,
        "html": false,
        "json": true
      },
      "version": "6.2.0"
    }
  }
}