{
  "stats": {
    "suites": 1,
    "tests": 3,
    "passes": 0,
    "pending": 0,
    "failures": 3,
    "start": "2022-12-17T06:39:16.084Z",
    "end": "2022-12-17T06:40:12.869Z",
    "duration": 56785,
    "testsRegistered": 3,
    "passPercent": 0,
    "pendingPercent": 0,
    "other": 0,
    "hasOther": false,
    "skipped": 0,
    "hasSkipped": false
  },
  "results": [
    {
      "uuid": "f18c3779-580c-4df6-b8a1-093bb00a23a3",
      "title": "",
      "fullFile": "cypress\\e2e\\tests\\cart.cy.js",
      "file": "cypress\\e2e\\tests\\cart.cy.js",
      "beforeHooks": [],
      "afterHooks": [],
      "tests": [],
      "suites": [
        {
          "uuid": "320baa08-f5c1-4b15-9155-005187bcbf29",
          "title": "Cart",
          "fullFile": "",
          "file": "",
          "beforeHooks": [],
          "afterHooks": [],
          "tests": [
            {
              "title": "View products in cart",
              "fullTitle": "Cart View products in cart",
              "timedOut": null,
              "duration": 18675,
              "state": "failed",
              "speed": null,
              "pass": false,
              "fail": true,
              "pending": false,
              "context": null,
              "code": "// Login with valid credentials\ncy.get(_authentication.default.signInRegisterBtn).should('be.visible');\ncy.get(_authentication.default.signInRegisterBtn).click();\n_authentication.default.login('marsenal2@yopmail.com', 'Password123!');\ncy.url().should('contain', 'products'); //Add products to the cart\n_addtocart.default.addToCart();\ncy.get(_addtocart.default.heelsHeader).should('be.visible');\ncy.get(_addtocart.default.heelsHeader).should('have.text', \" Quality Heal Shoes \");\ncy.get(_addtocart.default.backToShopping).should('be.visible');\ncy.get(_addtocart.default.backToShopping).click();\n_addtocart.default.addToCartTwo();\ncy.get(_addtocart.default.cartSummary).should('be.visible');\ncy.get(_addtocart.default.cartSummary).should('have.text', ' Cart summary ');\ncy.get(_addtocart.default.jeansHeader).should('be.visible');\ncy.get(_addtocart.default.jeansHeader).should('have.text', \" Quality Jeans Pants \");\ncy.get(_addtocart.default.backToShopping).should('be.visible');\ncy.get(_addtocart.default.backToShopping).click(); //Navigate to cart\n_cart.default.cartDetails();\ncy.url().should('contain', 'cart');\ncy.wait(3000);\ncy.get(_cart.default.heelsInCart).should('be.visible');\ncy.get(_cart.default.heelsInCart).should('have.text', \" Quality Heal Shoes \");\ncy.get(_cart.default.jeansInCart).should('be.visible');\ncy.get(_cart.default.jeansInCart).should('have.text', \" Quality Jeans Pants \");",
              "err": {
                "message": "AssertionError: Timed out retrying after 4000ms: Expected to find element: `.snipcart-item-line__title`, but never found it.",
                "estack": "AssertionError: Timed out retrying after 4000ms: Expected to find element: `.snipcart-item-line__title`, but never found it.\n    at Context.eval (webpack:///./cypress/e2e/tests/cart.cy.js:20:34)",
                "diff": null
              },
              "uuid": "756701d1-9126-4cd0-bdf6-382c2f34ba6f",
              "parentUUID": "320baa08-f5c1-4b15-9155-005187bcbf29",
              "isHook": false,
              "skipped": false
            },
            {
              "title": "Delete a product from cart",
              "fullTitle": "Cart Delete a product from cart",
              "timedOut": null,
              "duration": 17143,
              "state": "failed",
              "speed": null,
              "pass": false,
              "fail": true,
              "pending": false,
              "context": null,
              "code": "// Login with valid credentials\ncy.get(_authentication.default.signInRegisterBtn).should('be.visible');\ncy.get(_authentication.default.signInRegisterBtn).click();\n_authentication.default.login('marsenal2@yopmail.com', 'Password123!');\ncy.url().should('contain', 'products'); //Add a product to the cart\n_addtocart.default.addToCart();\ncy.get(_addtocart.default.backToShopping).should('be.visible');\ncy.get(_addtocart.default.backToShopping).click(); //Navigate to cart\n_cart.default.cartDetails();\ncy.get(_productgallery.default.cartQuantity).should('have.text', \" 1 \"); // Remove a product from the cart\ncy.get(_cart.default.deleteProduct).click();\ncy.get(_productgallery.default.cartQuantity).should('have.text', \" 0 \");",
              "err": {
                "message": "AssertionError: Timed out retrying after 4000ms: Expected to find element: `.snipcart-modal__close-title`, but never found it.",
                "estack": "AssertionError: Timed out retrying after 4000ms: Expected to find element: `.snipcart-modal__close-title`, but never found it.\n    at Context.eval (webpack:///./cypress/e2e/tests/cart.cy.js:51:35)",
                "diff": null
              },
              "uuid": "b3abd2ce-f999-4778-82ae-ace9c6e4ad54",
              "parentUUID": "320baa08-f5c1-4b15-9155-005187bcbf29",
              "isHook": false,
              "skipped": false
            },
            {
              "title": "Increase the quantity of the product in the cart",
              "fullTitle": "Cart Increase the quantity of the product in the cart",
              "timedOut": null,
              "duration": 20512,
              "state": "failed",
              "speed": null,
              "pass": false,
              "fail": true,
              "pending": false,
              "context": null,
              "code": "// Login with valid credentials\ncy.get(_authentication.default.signInRegisterBtn).should('be.visible');\ncy.get(_authentication.default.signInRegisterBtn).click();\n_authentication.default.login('marsenal2@yopmail.com', 'Password123!');\ncy.url().should('contain', 'products'); //Add a product to the cart\n_addtocart.default.addToCart();\ncy.get(_addtocart.default.backToShopping).should('be.visible');\ncy.get(_addtocart.default.backToShopping).click(); //Navigate to cart\n_cart.default.cartDetails(); // Increase the product quantity\n\ncy.get(_cart.default.quantityIncrease).should('be.visible');\ncy.get(_cart.default.quantityIncrease).click();\ncy.get(_cart.default.productQuantity).should('have.text', \"2\");\ncy.get('.snipcart-item-quantity__total-price').should('have.text', \" $40.00 \");",
              "err": {
                "message": "AssertionError: Timed out retrying after 4000ms: Expected to find element: `.snipcart-modal__close-title`, but never found it.",
                "estack": "AssertionError: Timed out retrying after 4000ms: Expected to find element: `.snipcart-modal__close-title`, but never found it.\n    at Context.eval (webpack:///./cypress/e2e/tests/cart.cy.js:74:35)",
                "diff": null
              },
              "uuid": "4292bc39-1cbe-4711-aecd-8ce404f1d5e0",
              "parentUUID": "320baa08-f5c1-4b15-9155-005187bcbf29",
              "isHook": false,
              "skipped": false
            }
          ],
          "suites": [],
          "passes": [],
          "failures": [
            "756701d1-9126-4cd0-bdf6-382c2f34ba6f",
            "b3abd2ce-f999-4778-82ae-ace9c6e4ad54",
            "4292bc39-1cbe-4711-aecd-8ce404f1d5e0"
          ],
          "pending": [],
          "skipped": [],
          "duration": 56330,
          "root": false,
          "rootEmpty": false,
          "_timeout": 2000
        }
      ],
      "passes": [],
      "failures": [],
      "pending": [],
      "skipped": [],
      "duration": 0,
      "root": true,
      "rootEmpty": true,
      "_timeout": 2000
    }
  ],
  "meta": {
    "mocha": {
      "version": "7.0.1"
    },
    "mochawesome": {
      "options": {
        "quiet": false,
        "reportFilename": "mochawesome",
        "saveHtml": false,
        "saveJson": true,
        "consoleReporter": "spec",
        "useInlineDiffs": false,
        "code": true
      },
      "version": "7.1.3"
    },
    "marge": {
      "options": {
        "reportDir": "cypress/reports",
        "overwrite": false,
        "html": false,
        "json": true
      },
      "version": "6.2.0"
    }
  }
}