{
  "stats": {
    "suites": 1,
    "tests": 3,
    "passes": 3,
    "pending": 0,
    "failures": 0,
    "start": "2022-12-17T06:52:00.444Z",
    "end": "2022-12-17T06:52:37.837Z",
    "duration": 37393,
    "testsRegistered": 3,
    "passPercent": 100,
    "pendingPercent": 0,
    "other": 0,
    "hasOther": false,
    "skipped": 0,
    "hasSkipped": false
  },
  "results": [
    {
      "uuid": "3094c86c-5a8c-46dc-9302-88aef929b332",
      "title": "",
      "fullFile": "cypress\\e2e\\tests\\search.cy.js",
      "file": "cypress\\e2e\\tests\\search.cy.js",
      "beforeHooks": [],
      "afterHooks": [],
      "tests": [],
      "suites": [
        {
          "uuid": "757428d4-4e25-453a-ab1b-2e653c6686ac",
          "title": "Search",
          "fullFile": "",
          "file": "",
          "beforeHooks": [],
          "afterHooks": [],
          "tests": [
            {
              "title": "Should return exact results for a full name search",
              "fullTitle": "Search Should return exact results for a full name search",
              "timedOut": null,
              "duration": 16836,
              "state": "passed",
              "speed": "slow",
              "pass": true,
              "fail": false,
              "pending": false,
              "context": null,
              "code": "// Login with valid credentials\ncy.get(_authentication.default.signInRegisterBtn).should('be.visible');\ncy.get(_authentication.default.signInRegisterBtn).click();\n_authentication.default.login('marsenal2@yopmail.com', 'Password123!');\ncy.url().should('contain', 'products'); //Search for the product \"Red Couch\"\ncy.get(_search.default.searchBar).type('Red Couch');\ncy.get(_search.default.redCouch).should('be.visible');\ncy.get(_search.default.redCouch).should('have.text', 'Red Couch');",
              "err": {},
              "uuid": "c3e6f2f7-a845-497d-ba46-913b0fde9fbe",
              "parentUUID": "757428d4-4e25-453a-ab1b-2e653c6686ac",
              "isHook": false,
              "skipped": false
            },
            {
              "title": "Should return correct results for a partial name search",
              "fullTitle": "Search Should return correct results for a partial name search",
              "timedOut": null,
              "duration": 9894,
              "state": "passed",
              "speed": "medium",
              "pass": true,
              "fail": false,
              "pending": false,
              "context": null,
              "code": "// Login with valid credentials\ncy.get(_authentication.default.signInRegisterBtn).should('be.visible');\ncy.get(_authentication.default.signInRegisterBtn).click();\n_authentication.default.login('marsenal2@yopmail.com', 'Password123!');\ncy.url().should('contain', 'products'); //Search for \"pants\"\ncy.get(_search.default.searchBar).type('Pants');\ncy.get(_search.default.pinkPants).should('be.visible');\ncy.get(_search.default.cargoPants).should('be.visible');\ncy.get(_search.default.jeansPants).should('be.visible');",
              "err": {},
              "uuid": "fd2db7df-541d-44a8-b565-27f119b7534b",
              "parentUUID": "757428d4-4e25-453a-ab1b-2e653c6686ac",
              "isHook": false,
              "skipped": false
            },
            {
              "title": "Should reset the search filter",
              "fullTitle": "Search Should reset the search filter",
              "timedOut": null,
              "duration": 9921,
              "state": "passed",
              "speed": "medium",
              "pass": true,
              "fail": false,
              "pending": false,
              "context": null,
              "code": "// Login with valid credentials\ncy.get(_authentication.default.signInRegisterBtn).should('be.visible');\ncy.get(_authentication.default.signInRegisterBtn).click();\n_authentication.default.login('marsenal2@yopmail.com', 'Password123!');\ncy.url().should('contain', 'products'); //Search for \"Red Couch\"\ncy.get(_search.default.searchBar).type('Red Couch');\ncy.get(_search.default.redCouch).should('be.visible');\ncy.get(_search.default.redCouch).should('have.text', 'Red Couch'); //Reset the search\ncy.get(_search.default.resetBtn).click();\ncy.get(_search.default.allProducts).should('be.visible');\ncy.get(_search.default.allProducts).should('have.length', 22);",
              "err": {},
              "uuid": "41c08d09-c5f8-4c10-aa6b-14113bc5dd7e",
              "parentUUID": "757428d4-4e25-453a-ab1b-2e653c6686ac",
              "isHook": false,
              "skipped": false
            }
          ],
          "suites": [],
          "passes": [
            "c3e6f2f7-a845-497d-ba46-913b0fde9fbe",
            "fd2db7df-541d-44a8-b565-27f119b7534b",
            "41c08d09-c5f8-4c10-aa6b-14113bc5dd7e"
          ],
          "failures": [],
          "pending": [],
          "skipped": [],
          "duration": 36651,
          "root": false,
          "rootEmpty": false,
          "_timeout": 2000
        }
      ],
      "passes": [],
      "failures": [],
      "pending": [],
      "skipped": [],
      "duration": 0,
      "root": true,
      "rootEmpty": true,
      "_timeout": 2000
    }
  ],
  "meta": {
    "mocha": {
      "version": "7.0.1"
    },
    "mochawesome": {
      "options": {
        "quiet": false,
        "reportFilename": "mochawesome",
        "saveHtml": false,
        "saveJson": true,
        "consoleReporter": "spec",
        "useInlineDiffs": false,
        "code": true
      },
      "version": "7.1.3"
    },
    "marge": {
      "options": {
        "reportDir": "cypress/reports",
        "overwrite": false,
        "html": false,
        "json": true
      },
      "version": "6.2.0"
    }
  }
}