{
  "stats": {
    "suites": 1,
    "tests": 3,
    "passes": 2,
    "pending": 0,
    "failures": 1,
    "start": "2022-12-17T05:10:25.960Z",
    "end": "2022-12-17T05:11:05.938Z",
    "duration": 39978,
    "testsRegistered": 3,
    "passPercent": 66.66666666666666,
    "pendingPercent": 0,
    "other": 0,
    "hasOther": false,
    "skipped": 0,
    "hasSkipped": false
  },
  "results": [
    {
      "uuid": "f10120f8-505b-4f85-b757-fe1b29010cb1",
      "title": "",
      "fullFile": "cypress\\e2e\\tests\\productgallery.cy.js",
      "file": "cypress\\e2e\\tests\\productgallery.cy.js",
      "beforeHooks": [],
      "afterHooks": [],
      "tests": [],
      "suites": [
        {
          "uuid": "889e082a-949f-4224-9e8a-ae689c59b6d4",
          "title": "Add To Cart",
          "fullFile": "",
          "file": "",
          "beforeHooks": [],
          "afterHooks": [],
          "tests": [
            {
              "title": "View Product Details",
              "fullTitle": "Add To Cart View Product Details",
              "timedOut": null,
              "duration": 13936,
              "state": "failed",
              "speed": null,
              "pass": false,
              "fail": true,
              "pending": false,
              "context": null,
              "code": "// Login with valid credentials\ncy.get(_authentication.default.signInRegisterBtn).should('be.visible');\ncy.get(_authentication.default.signInRegisterBtn).click();\n_authentication.default.login('marsenal2@yopmail.com', 'Password123!');\ncy.url().should('contain', 'products'); //View product details\ncy.get(_productgallery.default.vneckDetails).click();\ncy.url().should('contain', 'quality-tshirt-vneck');\ncy.get(_productgallery.default.vneckHeader).should('be.visible');",
              "err": {
                "message": "AssertionError: Timed out retrying after 4000ms: Expected to find element: `.chakra-image.css-2i84d9[src=\"/images/quality-tshirt-vneck.jpg\"]`, but never found it.",
                "estack": "AssertionError: Timed out retrying after 4000ms: Expected to find element: `.chakra-image.css-2i84d9[src=\"/images/quality-tshirt-vneck.jpg\"]`, but never found it.\n    at Context.eval (webpack:///./cypress/e2e/tests/productgallery.cy.js:22:5)",
                "diff": null
              },
              "uuid": "dcd021ac-85e6-4fe0-806c-83632b37b2be",
              "parentUUID": "889e082a-949f-4224-9e8a-ae689c59b6d4",
              "isHook": false,
              "skipped": false
            },
            {
              "title": "Should increase the quantity of a product",
              "fullTitle": "Add To Cart Should increase the quantity of a product",
              "timedOut": null,
              "duration": 15247,
              "state": "passed",
              "speed": "slow",
              "pass": true,
              "fail": false,
              "pending": false,
              "context": null,
              "code": "// Login with valid credentials\ncy.get(_authentication.default.signInRegisterBtn).should('be.visible');\ncy.get(_authentication.default.signInRegisterBtn).click();\n_authentication.default.login('marsenal2@yopmail.com', 'Password123!');\ncy.url().should('contain', 'products'); //Increase the quantity of a product\ncy.get(_productgallery.default.productIncrease).should('be.visible');\ncy.get(_productgallery.default.productIncrease).click();\ncy.get(_productgallery.default.clickArea).click(); //Add to cart to confirm that the quantity has been recorded\ncy.get(_productgallery.default.hoodyAddToCart).scrollIntoView();\ncy.wait(1500);\ncy.get(_productgallery.default.hoodyAddToCart).click();\ncy.get(_addtocart.default.cartSummary).should('be.visible');\ncy.get(_addtocart.default.cartSummary).should('have.text', ' Cart summary ');\ncy.get(_productgallery.default.cartQuantity).should('have.text', \" 2 \");",
              "err": {},
              "uuid": "5981e880-41ab-488e-a042-f8274e9b2726",
              "parentUUID": "889e082a-949f-4224-9e8a-ae689c59b6d4",
              "isHook": false,
              "skipped": false
            },
            {
              "title": "Should sign out from the product gallery page",
              "fullTitle": "Add To Cart Should sign out from the product gallery page",
              "timedOut": null,
              "duration": 10458,
              "state": "passed",
              "speed": "slow",
              "pass": true,
              "fail": false,
              "pending": false,
              "context": null,
              "code": "// Login with valid credentials\ncy.get(_authentication.default.signInRegisterBtn).should('be.visible');\ncy.get(_authentication.default.signInRegisterBtn).click();\n_authentication.default.login('marsenal2@yopmail.com', 'Password123!');\ncy.url().should('contain', 'products'); //Sign out from the home page/product gallery\ncy.get(_productgallery.default.logOut).should('be.visible');\ncy.get(_productgallery.default.logOut).click();\ncy.get(_authentication.default.signInRegisterBtn).should('be.visible');",
              "err": {},
              "uuid": "5cb77f01-0998-4f82-a876-f94bfd5bc6ed",
              "parentUUID": "889e082a-949f-4224-9e8a-ae689c59b6d4",
              "isHook": false,
              "skipped": false
            }
          ],
          "suites": [],
          "passes": [
            "5981e880-41ab-488e-a042-f8274e9b2726",
            "5cb77f01-0998-4f82-a876-f94bfd5bc6ed"
          ],
          "failures": [
            "dcd021ac-85e6-4fe0-806c-83632b37b2be"
          ],
          "pending": [],
          "skipped": [],
          "duration": 39641,
          "root": false,
          "rootEmpty": false,
          "_timeout": 2000
        }
      ],
      "passes": [],
      "failures": [],
      "pending": [],
      "skipped": [],
      "duration": 0,
      "root": true,
      "rootEmpty": true,
      "_timeout": 2000
    }
  ],
  "meta": {
    "mocha": {
      "version": "7.0.1"
    },
    "mochawesome": {
      "options": {
        "quiet": false,
        "reportFilename": "mochawesome",
        "saveHtml": false,
        "saveJson": true,
        "consoleReporter": "spec",
        "useInlineDiffs": false,
        "code": true
      },
      "version": "7.1.3"
    },
    "marge": {
      "options": {
        "reportDir": "cypress/reports",
        "overwrite": false,
        "html": false,
        "json": true
      },
      "version": "6.2.0"
    }
  }
}