{
  "stats": {
    "suites": 1,
    "tests": 3,
    "passes": 3,
    "pending": 0,
    "failures": 0,
    "start": "2022-12-17T05:34:25.586Z",
    "end": "2022-12-17T05:35:00.954Z",
    "duration": 35368,
    "testsRegistered": 3,
    "passPercent": 100,
    "pendingPercent": 0,
    "other": 0,
    "hasOther": false,
    "skipped": 0,
    "hasSkipped": false
  },
  "results": [
    {
      "uuid": "6d047114-2ae2-4886-8992-e97cce4801a7",
      "title": "",
      "fullFile": "cypress\\e2e\\tests\\productgallery.cy.js",
      "file": "cypress\\e2e\\tests\\productgallery.cy.js",
      "beforeHooks": [],
      "afterHooks": [],
      "tests": [],
      "suites": [
        {
          "uuid": "493bed8f-0ab7-493d-878e-8cfcd97e3eee",
          "title": "Add To Cart",
          "fullFile": "",
          "file": "",
          "beforeHooks": [],
          "afterHooks": [],
          "tests": [
            {
              "title": "View Product Details",
              "fullTitle": "Add To Cart View Product Details",
              "timedOut": null,
              "duration": 15281,
              "state": "passed",
              "speed": "slow",
              "pass": true,
              "fail": false,
              "pending": false,
              "context": null,
              "code": "// Login with valid credentials\ncy.get(_authentication.default.signInRegisterBtn).should('be.visible');\ncy.get(_authentication.default.signInRegisterBtn).click();\n_authentication.default.login('marsenal2@yopmail.com', 'Password123!');\ncy.url().should('contain', 'products'); //View product details\ncy.get(_productgallery.default.vneckDetails).click();\ncy.url().should('contain', 'quality-tshirt-vneck');\ncy.get(_productgallery.default.vneckHeader).should('be.visible');",
              "err": {},
              "uuid": "96adc961-37ae-4380-8682-b8e7e20ad86a",
              "parentUUID": "493bed8f-0ab7-493d-878e-8cfcd97e3eee",
              "isHook": false,
              "skipped": false
            },
            {
              "title": "Should increase the quantity of a product",
              "fullTitle": "Add To Cart Should increase the quantity of a product",
              "timedOut": null,
              "duration": 10145,
              "state": "passed",
              "speed": "slow",
              "pass": true,
              "fail": false,
              "pending": false,
              "context": null,
              "code": "// Login with valid credentials\ncy.get(_authentication.default.signInRegisterBtn).should('be.visible');\ncy.get(_authentication.default.signInRegisterBtn).click();\n_authentication.default.login('marsenal2@yopmail.com', 'Password123!');\ncy.url().should('contain', 'products'); //Increase the quantity of a product\ncy.get(_productgallery.default.productIncrease).should('be.visible');\ncy.get(_productgallery.default.productIncrease).click();\ncy.get(_productgallery.default.clickArea).click(); //Add to cart to confirm that the quantity has been recorded\ncy.get(_productgallery.default.hoodyAddToCart).scrollIntoView();\ncy.wait(1500);\ncy.get(_productgallery.default.hoodyAddToCart).click();\ncy.get(_addtocart.default.cartSummary).should('be.visible');\ncy.get(_addtocart.default.cartSummary).should('have.text', ' Cart summary ');\ncy.get(_productgallery.default.cartQuantity).should('have.text', \" 2 \");",
              "err": {},
              "uuid": "7ba6e6a1-4c86-4039-b453-3cd10c4adaa0",
              "parentUUID": "493bed8f-0ab7-493d-878e-8cfcd97e3eee",
              "isHook": false,
              "skipped": false
            },
            {
              "title": "Should sign out from the product gallery page",
              "fullTitle": "Add To Cart Should sign out from the product gallery page",
              "timedOut": null,
              "duration": 9674,
              "state": "passed",
              "speed": "medium",
              "pass": true,
              "fail": false,
              "pending": false,
              "context": null,
              "code": "// Login with valid credentials\ncy.get(_authentication.default.signInRegisterBtn).should('be.visible');\ncy.get(_authentication.default.signInRegisterBtn).click();\n_authentication.default.login('marsenal2@yopmail.com', 'Password123!');\ncy.url().should('contain', 'products'); //Sign out from the home page/product gallery\ncy.get(_productgallery.default.logOut).should('be.visible');\ncy.get(_productgallery.default.logOut).click();\ncy.get(_authentication.default.signInRegisterBtn).should('be.visible');",
              "err": {},
              "uuid": "a91b39e3-2257-460f-a06d-9b20d5dafd2e",
              "parentUUID": "493bed8f-0ab7-493d-878e-8cfcd97e3eee",
              "isHook": false,
              "skipped": false
            }
          ],
          "suites": [],
          "passes": [
            "96adc961-37ae-4380-8682-b8e7e20ad86a",
            "7ba6e6a1-4c86-4039-b453-3cd10c4adaa0",
            "a91b39e3-2257-460f-a06d-9b20d5dafd2e"
          ],
          "failures": [],
          "pending": [],
          "skipped": [],
          "duration": 35100,
          "root": false,
          "rootEmpty": false,
          "_timeout": 2000
        }
      ],
      "passes": [],
      "failures": [],
      "pending": [],
      "skipped": [],
      "duration": 0,
      "root": true,
      "rootEmpty": true,
      "_timeout": 2000
    }
  ],
  "meta": {
    "mocha": {
      "version": "7.0.1"
    },
    "mochawesome": {
      "options": {
        "quiet": false,
        "reportFilename": "mochawesome",
        "saveHtml": false,
        "saveJson": true,
        "consoleReporter": "spec",
        "useInlineDiffs": false,
        "code": true
      },
      "version": "7.1.3"
    },
    "marge": {
      "options": {
        "reportDir": "cypress/reports",
        "overwrite": false,
        "html": false,
        "json": true
      },
      "version": "6.2.0"
    }
  }
}