{
  "stats": {
    "suites": 1,
    "tests": 4,
    "passes": 0,
    "pending": 0,
    "failures": 4,
    "start": "2022-12-17T05:06:50.820Z",
    "end": "2022-12-17T05:08:00.638Z",
    "duration": 69818,
    "testsRegistered": 4,
    "passPercent": 0,
    "pendingPercent": 0,
    "other": 0,
    "hasOther": false,
    "skipped": 0,
    "hasSkipped": false
  },
  "results": [
    {
      "uuid": "4b9be3d7-6676-4c7d-a462-1433a12a9fbb",
      "title": "",
      "fullFile": "cypress\\e2e\\tests\\datadriven.cy.js",
      "file": "cypress\\e2e\\tests\\datadriven.cy.js",
      "beforeHooks": [],
      "afterHooks": [],
      "tests": [],
      "suites": [
        {
          "uuid": "d6ab6523-842e-40de-bff0-83fa151c8c49",
          "title": "Data Driven Billing Information",
          "fullFile": "",
          "file": "",
          "beforeHooks": [],
          "afterHooks": [],
          "tests": [
            {
              "title": "Add Complete Billing Information",
              "fullTitle": "Data Driven Billing Information Add Complete Billing Information",
              "timedOut": null,
              "duration": 17669,
              "state": "failed",
              "speed": null,
              "pass": false,
              "fail": true,
              "pending": false,
              "context": null,
              "code": "// Login with valid credentials\ncy.get('#signInOrRegister').should('be.visible');\ncy.get('#signInOrRegister').click();\n_authentication.default.login('marsenal2@yopmail.com', 'Password123!'); //Add products to the cart\n\n_addtocart.default.addToCart();\ncy.get(_addtocart.default.backToShopping).should('be.visible');\ncy.get(_addtocart.default.backToShopping).click();\n_addtocart.default.addToCartTwo();\ncy.get(_addtocart.default.cartSummary).should('be.visible');\ncy.get(_addtocart.default.cartSummary).should('have.text', ' Cart summary '); //Navigate to checkout\ncy.get(_checkout.default.checkoutBtn).scrollIntoView();\ncy.wait(1500);\ncy.get(_checkout.default.checkoutBtn).should('be.visible');\ncy.get(_checkout.default.checkoutBtn).click(); //Enter billing information\ncy.get(_checkout.default.fullName).type(_billing.default.valid.fullname);\ncy.get(_checkout.default.emailAddress).type(_billing.default.valid.email);\ncy.get(_checkout.default.streetAddress).type(_billing.default.valid.streetaddress);\ncy.get(_checkout.default.aptNumber).type(_billing.default.valid.Apt);\ncy.get(_checkout.default.city).type(_billing.default.valid.City);\ncy.get(_checkout.default.country).select('Japan');\ncy.get(_checkout.default.province).type(_billing.default.valid.Province);\ncy.get(_checkout.default.zipCode).type(_billing.default.valid.ZipCode);\ncy.get(_checkout.default.paymentBtn).click();\ncy.get(_checkout.default.paymentHeader).scrollIntoView();\ncy.get(_checkout.default.paymentHeader).should('be.visible');",
              "err": {
                "message": "AssertionError: Timed out retrying after 4000ms: Expected to find element: `.snipcart-modal__close-title`, but never found it.",
                "estack": "AssertionError: Timed out retrying after 4000ms: Expected to find element: `.snipcart-modal__close-title`, but never found it.\n    at Context.eval (webpack:///./cypress/e2e/tests/datadriven.cy.js:21:36)",
                "diff": null
              },
              "uuid": "3852017b-6d83-497e-85d6-1686d8c59b07",
              "parentUUID": "d6ab6523-842e-40de-bff0-83fa151c8c49",
              "isHook": false,
              "skipped": false
            },
            {
              "title": "Omit Full Name from Billing Information",
              "fullTitle": "Data Driven Billing Information Omit Full Name from Billing Information",
              "timedOut": null,
              "duration": 17989,
              "state": "failed",
              "speed": null,
              "pass": false,
              "fail": true,
              "pending": false,
              "context": null,
              "code": "// Login with valid credentials\ncy.get('#signInOrRegister').should('be.visible');\ncy.get('#signInOrRegister').click();\n_authentication.default.login('marsenal2@yopmail.com', 'Password123!'); //Add products to the cart\n\n_addtocart.default.addToCart();\ncy.get(_addtocart.default.backToShopping).should('be.visible');\ncy.get(_addtocart.default.backToShopping).click();\n_addtocart.default.addToCartTwo();\ncy.get(_addtocart.default.cartSummary).should('be.visible');\ncy.get(_addtocart.default.cartSummary).should('have.text', ' Cart summary '); //Navigate to checkout\ncy.get(_checkout.default.checkoutBtn).scrollIntoView();\ncy.wait(1500);\ncy.get(_checkout.default.checkoutBtn).should('be.visible');\ncy.get(_checkout.default.checkoutBtn).click(); //Enter billing information without full name\ncy.get(_checkout.default.emailAddress).type(_billing.default.missingname.email);\ncy.get(_checkout.default.streetAddress).type(_billing.default.missingname.streetaddress);\ncy.get(_checkout.default.aptNumber).type(_billing.default.missingname.Apt);\ncy.get(_checkout.default.city).type(_billing.default.missingname.City);\ncy.get(_checkout.default.country).select('Namibia');\ncy.get(_checkout.default.province).type(_billing.default.missingname.Province);\ncy.get(_checkout.default.zipCode).type(_billing.default.missingname.ZipCode);\ncy.get(_checkout.default.paymentBtn).click({\n  force: true\n});",
              "err": {
                "message": "AssertionError: Timed out retrying after 4000ms: Expected to find element: `.snipcart-modal__close-title`, but never found it.",
                "estack": "AssertionError: Timed out retrying after 4000ms: Expected to find element: `.snipcart-modal__close-title`, but never found it.\n    at Context.eval (webpack:///./cypress/e2e/tests/datadriven.cy.js:60:35)",
                "diff": null
              },
              "uuid": "4b9169b3-bf08-4446-ba7c-418167446643",
              "parentUUID": "d6ab6523-842e-40de-bff0-83fa151c8c49",
              "isHook": false,
              "skipped": false
            },
            {
              "title": "Omit Email Address from Billing Information",
              "fullTitle": "Data Driven Billing Information Omit Email Address from Billing Information",
              "timedOut": null,
              "duration": 16425,
              "state": "failed",
              "speed": null,
              "pass": false,
              "fail": true,
              "pending": false,
              "context": null,
              "code": "// Login with valid credentials\ncy.get('#signInOrRegister').should('be.visible');\ncy.get('#signInOrRegister').click();\n_authentication.default.login('marsenal2@yopmail.com', 'Password123!'); //Add products to the cart\n\n_addtocart.default.addToCart();\ncy.get(_addtocart.default.backToShopping).should('be.visible');\ncy.get(_addtocart.default.backToShopping).click();\n_addtocart.default.addToCartTwo();\ncy.get(_addtocart.default.cartSummary).should('be.visible');\ncy.get(_addtocart.default.cartSummary).should('have.text', ' Cart summary '); //Navigate to checkout\ncy.get(_checkout.default.checkoutBtn).scrollIntoView();\ncy.wait(1500);\ncy.get(_checkout.default.checkoutBtn).should('be.visible');\ncy.get(_checkout.default.checkoutBtn).click(); //Enter billing information without email address\ncy.get(_checkout.default.fullName).type(_billing.default.missingemail.fullname);\ncy.get(_checkout.default.streetAddress).type(_billing.default.missingemail.streetaddress);\ncy.get(_checkout.default.aptNumber).type(_billing.default.missingemail.Apt);\ncy.get(_checkout.default.city).type(_billing.default.missingemail.City);\ncy.get(_checkout.default.country).select('France');\ncy.get(_checkout.default.province).type(_billing.default.missingemail.Province);\ncy.get(_checkout.default.zipCode).type(_billing.default.missingemail.ZipCode);\ncy.get(_checkout.default.paymentBtn).click();\ncy.get(_checkout.default.emailError).scrollIntoView();\ncy.get(_checkout.default.emailError).should('be.visible');",
              "err": {
                "message": "AssertionError: Timed out retrying after 4000ms: Expected to find element: `.snipcart-modal__close-title`, but never found it.",
                "estack": "AssertionError: Timed out retrying after 4000ms: Expected to find element: `.snipcart-modal__close-title`, but never found it.\n    at Context.eval (webpack:///./cypress/e2e/tests/datadriven.cy.js:94:35)",
                "diff": null
              },
              "uuid": "0188657b-21e0-429e-baeb-85d83348bc2d",
              "parentUUID": "d6ab6523-842e-40de-bff0-83fa151c8c49",
              "isHook": false,
              "skipped": false
            },
            {
              "title": "Omit Zip Code from Billing Information",
              "fullTitle": "Data Driven Billing Information Omit Zip Code from Billing Information",
              "timedOut": null,
              "duration": 17037,
              "state": "failed",
              "speed": null,
              "pass": false,
              "fail": true,
              "pending": false,
              "context": null,
              "code": "// Login with valid credentials\ncy.get('#signInOrRegister').should('be.visible');\ncy.get('#signInOrRegister').click();\n_authentication.default.login('marsenal2@yopmail.com', 'Password123!'); //Add products to the cart\n\n_addtocart.default.addToCart();\ncy.get(_addtocart.default.backToShopping).should('be.visible');\ncy.get(_addtocart.default.backToShopping).click();\n_addtocart.default.addToCartTwo();\ncy.get(_addtocart.default.cartSummary).should('be.visible');\ncy.get(_addtocart.default.cartSummary).should('have.text', ' Cart summary '); //Navigate to checkout\ncy.get(_checkout.default.checkoutBtn).scrollIntoView();\ncy.wait(1500);\ncy.get(_checkout.default.checkoutBtn).should('be.visible');\ncy.get(_checkout.default.checkoutBtn).click(); //Enter billing information without zipcode\ncy.get(_checkout.default.fullName).type(_billing.default.missingzipcode.fullname);\ncy.get(_checkout.default.emailAddress).type(_billing.default.missingzipcode.email);\ncy.get(_checkout.default.streetAddress).type(_billing.default.missingzipcode.streetaddress);\ncy.get(_checkout.default.aptNumber).type(_billing.default.missingzipcode.Apt);\ncy.get(_checkout.default.city).type(_billing.default.missingzipcode.City);\ncy.get(_checkout.default.country).select('Brazil');\ncy.get(_checkout.default.province).type(_billing.default.missingzipcode.Province);\ncy.get(_checkout.default.paymentBtn).click();\ncy.get(_checkout.default.zipcodeError).scrollIntoView();\ncy.get(_checkout.default.zipcodeError).should('be.visible');",
              "err": {
                "message": "AssertionError: Timed out retrying after 4000ms: Expected to find element: `.snipcart-modal__close-title`, but never found it.",
                "estack": "AssertionError: Timed out retrying after 4000ms: Expected to find element: `.snipcart-modal__close-title`, but never found it.\n    at Context.eval (webpack:///./cypress/e2e/tests/datadriven.cy.js:128:35)",
                "diff": null
              },
              "uuid": "b7d9fe50-1c5f-4074-adb0-5bf60806763e",
              "parentUUID": "d6ab6523-842e-40de-bff0-83fa151c8c49",
              "isHook": false,
              "skipped": false
            }
          ],
          "suites": [],
          "passes": [],
          "failures": [
            "3852017b-6d83-497e-85d6-1686d8c59b07",
            "4b9169b3-bf08-4446-ba7c-418167446643",
            "0188657b-21e0-429e-baeb-85d83348bc2d",
            "b7d9fe50-1c5f-4074-adb0-5bf60806763e"
          ],
          "pending": [],
          "skipped": [],
          "duration": 69120,
          "root": false,
          "rootEmpty": false,
          "_timeout": 2000
        }
      ],
      "passes": [],
      "failures": [],
      "pending": [],
      "skipped": [],
      "duration": 0,
      "root": true,
      "rootEmpty": true,
      "_timeout": 2000
    }
  ],
  "meta": {
    "mocha": {
      "version": "7.0.1"
    },
    "mochawesome": {
      "options": {
        "quiet": false,
        "reportFilename": "mochawesome",
        "saveHtml": false,
        "saveJson": true,
        "consoleReporter": "spec",
        "useInlineDiffs": false,
        "code": true
      },
      "version": "7.1.3"
    },
    "marge": {
      "options": {
        "reportDir": "cypress/reports",
        "overwrite": false,
        "html": false,
        "json": true
      },
      "version": "6.2.0"
    }
  }
}