{
  "stats": {
    "suites": 1,
    "tests": 3,
    "passes": 3,
    "pending": 0,
    "failures": 0,
    "start": "2022-12-17T05:03:28.412Z",
    "end": "2022-12-17T05:04:19.447Z",
    "duration": 51035,
    "testsRegistered": 3,
    "passPercent": 100,
    "pendingPercent": 0,
    "other": 0,
    "hasOther": false,
    "skipped": 0,
    "hasSkipped": false
  },
  "results": [
    {
      "uuid": "e74bd533-222e-45e3-a255-4b01b8fb3908",
      "title": "",
      "fullFile": "cypress\\e2e\\tests\\cart.cy.js",
      "file": "cypress\\e2e\\tests\\cart.cy.js",
      "beforeHooks": [],
      "afterHooks": [],
      "tests": [],
      "suites": [
        {
          "uuid": "dbc50206-bc09-42c9-bcb3-abf54b571c9e",
          "title": "Cart",
          "fullFile": "",
          "file": "",
          "beforeHooks": [],
          "afterHooks": [],
          "tests": [
            {
              "title": "View products in cart",
              "fullTitle": "Cart View products in cart",
              "timedOut": null,
              "duration": 21295,
              "state": "passed",
              "speed": "slow",
              "pass": true,
              "fail": false,
              "pending": false,
              "context": null,
              "code": "// Login with valid credentials\ncy.get(_authentication.default.signInRegisterBtn).should('be.visible');\ncy.get(_authentication.default.signInRegisterBtn).click();\n_authentication.default.login('marsenal2@yopmail.com', 'Password123!');\ncy.url().should('contain', 'products'); //Add products to the cart\n_addtocart.default.addToCart();\ncy.get(_addtocart.default.heelsHeader).should('be.visible');\ncy.get(_addtocart.default.heelsHeader).should('have.text', \" Quality Heal Shoes \");\ncy.get(_addtocart.default.backToShopping).should('be.visible');\ncy.get(_addtocart.default.backToShopping).click();\n_addtocart.default.addToCartTwo();\ncy.get(_addtocart.default.cartSummary).should('be.visible');\ncy.get(_addtocart.default.cartSummary).should('have.text', ' Cart summary ');\ncy.get(_addtocart.default.jeansHeader).should('be.visible');\ncy.get(_addtocart.default.jeansHeader).should('have.text', \" Quality Jeans Pants \");\ncy.get(_addtocart.default.backToShopping).should('be.visible');\ncy.get(_addtocart.default.backToShopping).click(); //Navigate to cart\n_cart.default.cartDetails();\ncy.url().should('contain', 'cart');\ncy.wait(3000);\ncy.get(_cart.default.heelsInCart).should('be.visible');\ncy.get(_cart.default.heelsInCart).should('have.text', \" Quality Heal Shoes \");\ncy.get(_cart.default.jeansInCart).should('be.visible');\ncy.get(_cart.default.jeansInCart).should('have.text', \" Quality Jeans Pants \");",
              "err": {},
              "uuid": "5e7301e7-95ea-4ce3-be6f-d0889246be41",
              "parentUUID": "dbc50206-bc09-42c9-bcb3-abf54b571c9e",
              "isHook": false,
              "skipped": false
            },
            {
              "title": "Delete a product from cart",
              "fullTitle": "Cart Delete a product from cart",
              "timedOut": null,
              "duration": 14314,
              "state": "passed",
              "speed": "slow",
              "pass": true,
              "fail": false,
              "pending": false,
              "context": null,
              "code": "// Login with valid credentials\ncy.get(_authentication.default.signInRegisterBtn).should('be.visible');\ncy.get(_authentication.default.signInRegisterBtn).click();\n_authentication.default.login('marsenal2@yopmail.com', 'Password123!');\ncy.url().should('contain', 'products'); //Add a product to the cart\n_addtocart.default.addToCart();\ncy.get(_addtocart.default.backToShopping).should('be.visible');\ncy.get(_addtocart.default.backToShopping).click(); //Navigate to cart\n_cart.default.cartDetails();\ncy.get(_productgallery.default.cartQuantity).should('have.text', \" 1 \"); // Remove a product from the cart\ncy.get(_cart.default.deleteProduct).click();\ncy.get(_productgallery.default.cartQuantity).should('have.text', \" 0 \");",
              "err": {},
              "uuid": "7c8a3669-7be5-45e2-947f-dc25f8aad7b9",
              "parentUUID": "dbc50206-bc09-42c9-bcb3-abf54b571c9e",
              "isHook": false,
              "skipped": false
            },
            {
              "title": "Increase the quantity of the product in the cart",
              "fullTitle": "Cart Increase the quantity of the product in the cart",
              "timedOut": null,
              "duration": 14967,
              "state": "passed",
              "speed": "slow",
              "pass": true,
              "fail": false,
              "pending": false,
              "context": null,
              "code": "// Login with valid credentials\ncy.get(_authentication.default.signInRegisterBtn).should('be.visible');\ncy.get(_authentication.default.signInRegisterBtn).click();\n_authentication.default.login('marsenal2@yopmail.com', 'Password123!');\ncy.url().should('contain', 'products'); //Add a product to the cart\n_addtocart.default.addToCart();\ncy.get(_addtocart.default.backToShopping).should('be.visible');\ncy.get(_addtocart.default.backToShopping).click(); //Navigate to cart\n_cart.default.cartDetails(); // Increase the product quantity\n\ncy.get(_cart.default.quantityIncrease).should('be.visible');\ncy.get(_cart.default.quantityIncrease).click();\ncy.get(_cart.default.productQuantity).should('have.text', \"2\");\ncy.get('.snipcart-item-quantity__total-price').should('have.text', \" $40.00 \");",
              "err": {},
              "uuid": "5a3645c3-93e2-4cf9-96c3-c4c44c113228",
              "parentUUID": "dbc50206-bc09-42c9-bcb3-abf54b571c9e",
              "isHook": false,
              "skipped": false
            }
          ],
          "suites": [],
          "passes": [
            "5e7301e7-95ea-4ce3-be6f-d0889246be41",
            "7c8a3669-7be5-45e2-947f-dc25f8aad7b9",
            "5a3645c3-93e2-4cf9-96c3-c4c44c113228"
          ],
          "failures": [],
          "pending": [],
          "skipped": [],
          "duration": 50576,
          "root": false,
          "rootEmpty": false,
          "_timeout": 2000
        }
      ],
      "passes": [],
      "failures": [],
      "pending": [],
      "skipped": [],
      "duration": 0,
      "root": true,
      "rootEmpty": true,
      "_timeout": 2000
    }
  ],
  "meta": {
    "mocha": {
      "version": "7.0.1"
    },
    "mochawesome": {
      "options": {
        "quiet": false,
        "reportFilename": "mochawesome",
        "saveHtml": false,
        "saveJson": true,
        "consoleReporter": "spec",
        "useInlineDiffs": false,
        "code": true
      },
      "version": "7.1.3"
    },
    "marge": {
      "options": {
        "reportDir": "cypress/reports",
        "overwrite": false,
        "html": false,
        "json": true
      },
      "version": "6.2.0"
    }
  }
}