{
  "stats": {
    "suites": 1,
    "tests": 3,
    "passes": 3,
    "pending": 0,
    "failures": 0,
    "start": "2022-12-17T05:06:00.891Z",
    "end": "2022-12-17T05:06:40.078Z",
    "duration": 39187,
    "testsRegistered": 3,
    "passPercent": 100,
    "pendingPercent": 0,
    "other": 0,
    "hasOther": false,
    "skipped": 0,
    "hasSkipped": false
  },
  "results": [
    {
      "uuid": "bc9674a0-5b78-480e-b416-e4b74631bf4e",
      "title": "",
      "fullFile": "cypress\\e2e\\tests\\contact.cy.js",
      "file": "cypress\\e2e\\tests\\contact.cy.js",
      "beforeHooks": [],
      "afterHooks": [],
      "tests": [],
      "suites": [
        {
          "uuid": "7a98fa56-e859-4ea6-816d-b425831a5976",
          "title": "Contact",
          "fullFile": "",
          "file": "",
          "beforeHooks": [],
          "afterHooks": [],
          "tests": [
            {
              "title": "Send a message",
              "fullTitle": "Contact Send a message",
              "timedOut": null,
              "duration": 16839,
              "state": "passed",
              "speed": "slow",
              "pass": true,
              "fail": false,
              "pending": false,
              "context": null,
              "code": "// Login with valid credentials\ncy.get(_authentication.default.signInRegisterBtn).should('be.visible');\ncy.get(_authentication.default.signInRegisterBtn).click();\n_authentication.default.login('marsenal2@yopmail.com', 'Password123!');\ncy.url().should('contain', 'products'); //Navigate to contact\ncy.get(_contact.default.contactBtn).click();\ncy.url().should('contain', 'contact');\ncy.get(_contact.default.messageHeader).should('have.text', \"Want to get in touch?\"); //Enter message details\n_contact.default.enterMessage(); //Send message\n\ncy.get(_contact.default.sendMessage).click();\ncy.get(_contact.default.confirmation).should('be.visible');\ncy.get(_contact.default.confirmation).should('have.text', 'Message Sent!Your message has been sent!');",
              "err": {},
              "uuid": "465579c5-b413-4af0-804f-62eb83839de6",
              "parentUUID": "7a98fa56-e859-4ea6-816d-b425831a5976",
              "isHook": false,
              "skipped": false
            },
            {
              "title": "Input invalid email",
              "fullTitle": "Contact Input invalid email",
              "timedOut": null,
              "duration": 11611,
              "state": "passed",
              "speed": "slow",
              "pass": true,
              "fail": false,
              "pending": false,
              "context": null,
              "code": "// Login with valid credentials\ncy.get(_authentication.default.signInRegisterBtn).should('be.visible');\ncy.get(_authentication.default.signInRegisterBtn).click();\n_authentication.default.login('marsenal2@yopmail.com', 'Password123!');\ncy.url().should('contain', 'products'); //Navigate to contact\ncy.get(_contact.default.contactBtn).click();\ncy.url().should('contain', 'contact');\ncy.get(_contact.default.messageHeader).should('have.text', \"Want to get in touch?\"); //Enter message details\ncy.get(_contact.default.firstName).type('Levi');\ncy.get(_contact.default.lastName).type('Morgan');\ncy.get(_contact.default.emailAddress).type('invalid@com'); //invalid email is entered\ncy.get(_contact.default.subject).type('This is a test');\ncy.get(_contact.default.message).type('It is a test.'); //Send message\ncy.get(_contact.default.sendMessage).click();\ncy.get(_contact.default.emailError).should('be.visible');\ncy.get(_contact.default.emailError).should('have.text', \"Email is invalid\");",
              "err": {},
              "uuid": "50a8fd0a-2a8f-4912-b269-3a6cf61440c4",
              "parentUUID": "7a98fa56-e859-4ea6-816d-b425831a5976",
              "isHook": false,
              "skipped": false
            },
            {
              "title": "Submit empty message",
              "fullTitle": "Contact Submit empty message",
              "timedOut": null,
              "duration": 10296,
              "state": "passed",
              "speed": "slow",
              "pass": true,
              "fail": false,
              "pending": false,
              "context": null,
              "code": "// Login with valid credentials\ncy.get(_authentication.default.signInRegisterBtn).should('be.visible');\ncy.get(_authentication.default.signInRegisterBtn).click();\n_authentication.default.login('marsenal2@yopmail.com', 'Password123!');\ncy.url().should('contain', 'products'); //Navigate to contact\ncy.get(_contact.default.contactBtn).click();\ncy.url().should('contain', 'contact');\ncy.get(_contact.default.messageHeader).should('have.text', \"Want to get in touch?\"); //Submit with all fields empty\ncy.get(_contact.default.sendMessage).click(); //Error messages should be shown\ncy.get(_contact.default.firstNameError).should('be.visible');\ncy.get(_contact.default.firstNameError).should('have.text', \"Field is required!\");\ncy.get(_contact.default.lastNameError).should('be.visible');\ncy.get(_contact.default.lastNameError).should('have.text', \"Field is required!\");\ncy.get(_contact.default.emailAddError).should('be.visible');\ncy.get(_contact.default.emailAddError).should('have.text', \"Field is required!\");\ncy.get(_contact.default.subjectError).should('be.visible');\ncy.get(_contact.default.subjectError).should('have.text', \"Field is required!\");\ncy.get(_contact.default.messageError).should('be.visible');\ncy.get(_contact.default.messageError).should('have.text', \"Field is required!\");",
              "err": {},
              "uuid": "e2381e25-ba1d-4085-8c0f-fd835313892d",
              "parentUUID": "7a98fa56-e859-4ea6-816d-b425831a5976",
              "isHook": false,
              "skipped": false
            }
          ],
          "suites": [],
          "passes": [
            "465579c5-b413-4af0-804f-62eb83839de6",
            "50a8fd0a-2a8f-4912-b269-3a6cf61440c4",
            "e2381e25-ba1d-4085-8c0f-fd835313892d"
          ],
          "failures": [],
          "pending": [],
          "skipped": [],
          "duration": 38746,
          "root": false,
          "rootEmpty": false,
          "_timeout": 2000
        }
      ],
      "passes": [],
      "failures": [],
      "pending": [],
      "skipped": [],
      "duration": 0,
      "root": true,
      "rootEmpty": true,
      "_timeout": 2000
    }
  ],
  "meta": {
    "mocha": {
      "version": "7.0.1"
    },
    "mochawesome": {
      "options": {
        "quiet": false,
        "reportFilename": "mochawesome",
        "saveHtml": false,
        "saveJson": true,
        "consoleReporter": "spec",
        "useInlineDiffs": false,
        "code": true
      },
      "version": "7.1.3"
    },
    "marge": {
      "options": {
        "reportDir": "cypress/reports",
        "overwrite": false,
        "html": false,
        "json": true
      },
      "version": "6.2.0"
    }
  }
}