{
  "stats": {
    "suites": 1,
    "tests": 3,
    "passes": 3,
    "pending": 0,
    "failures": 0,
    "start": "2022-12-17T05:11:22.953Z",
    "end": "2022-12-17T05:11:43.965Z",
    "duration": 21012,
    "testsRegistered": 3,
    "passPercent": 100,
    "pendingPercent": 0,
    "other": 0,
    "hasOther": false,
    "skipped": 0,
    "hasSkipped": false
  },
  "results": [
    {
      "uuid": "046fd504-b065-4047-ae97-1ba5b31a0e8b",
      "title": "",
      "fullFile": "cypress\\e2e\\tests\\registration.cy.js",
      "file": "cypress\\e2e\\tests\\registration.cy.js",
      "beforeHooks": [],
      "afterHooks": [],
      "tests": [],
      "suites": [
        {
          "uuid": "f054220c-61cb-48b0-8145-41fc9ca72219",
          "title": "Authentication",
          "fullFile": "",
          "file": "",
          "beforeHooks": [],
          "afterHooks": [],
          "tests": [
            {
              "title": "Should register a new user with email",
              "fullTitle": "Authentication Should register a new user with email",
              "timedOut": null,
              "duration": 10385,
              "state": "passed",
              "speed": "slow",
              "pass": true,
              "fail": false,
              "pending": false,
              "context": null,
              "code": "// Register using email\ncy.get('#signInOrRegister').should('be.visible');\ncy.get('#signInOrRegister').click();\ncy.get(_authentication.default.signUp).should('be.visible');\ncy.get(_authentication.default.signUp).click();\ncy.get('[type=email]').type(email);\ncy.get('[type=password]').type('Password123!');\ncy.get(_authentication.default.submitBtn).should('be.visible');\ncy.get(_authentication.default.submitBtn).click();\ncy.get(_authentication.default.banner).should('be.visible');\ncy.get(_authentication.default.banner).should('have.text', \"Products\");",
              "err": {},
              "uuid": "3fc17345-4bf5-4cdf-9550-0f38a7e20cd7",
              "parentUUID": "f054220c-61cb-48b0-8145-41fc9ca72219",
              "isHook": false,
              "skipped": false
            },
            {
              "title": "Should throw an error for invalid email address",
              "fullTitle": "Authentication Should throw an error for invalid email address",
              "timedOut": null,
              "duration": 5073,
              "state": "passed",
              "speed": "medium",
              "pass": true,
              "fail": false,
              "pending": false,
              "context": null,
              "code": "cy.get('#signInOrRegister').should('be.visible');\ncy.get('#signInOrRegister').click();\ncy.get(_authentication.default.signUp).should('be.visible');\ncy.get(_authentication.default.signUp).click();\ncy.get('[type=email]').type('ree@com'); //email is not  valid\ncy.get('[type=password]').type('Password123!');\ncy.get(_authentication.default.submitBtn).should('be.visible');\ncy.get(_authentication.default.submitBtn).click();\ncy.get(_authentication.default.emailError).should('be.visible');\ncy.get(_authentication.default.emailError).should('have.text', \"Email is invalid\");",
              "err": {},
              "uuid": "46b53ab0-fe94-480f-ba78-07dbde7278dc",
              "parentUUID": "f054220c-61cb-48b0-8145-41fc9ca72219",
              "isHook": false,
              "skipped": false
            },
            {
              "title": "Should throw an error when you register with invalid password",
              "fullTitle": "Authentication Should throw an error when you register with invalid password",
              "timedOut": null,
              "duration": 5191,
              "state": "passed",
              "speed": "medium",
              "pass": true,
              "fail": false,
              "pending": false,
              "context": null,
              "code": "cy.get('#signInOrRegister').should('be.visible');\ncy.get('#signInOrRegister').click();\ncy.get(_authentication.default.signUp).should('be.visible');\ncy.get(_authentication.default.signUp).click();\ncy.get('[type=email]').type('yyy@yopmail.com');\ncy.get('[type=password]').type('password123'); //password is not valid\ncy.get(_authentication.default.submitBtn).should('be.visible');\ncy.get(_authentication.default.submitBtn).click();\ncy.get(_authentication.default.passwordError).should('be.visible');\ncy.get(_authentication.default.passwordError).should('have.text', \"Password is invalid\");",
              "err": {},
              "uuid": "3c6a8e4e-d790-43c9-881f-83ee35b7fcfd",
              "parentUUID": "f054220c-61cb-48b0-8145-41fc9ca72219",
              "isHook": false,
              "skipped": false
            }
          ],
          "suites": [],
          "passes": [
            "3fc17345-4bf5-4cdf-9550-0f38a7e20cd7",
            "46b53ab0-fe94-480f-ba78-07dbde7278dc",
            "3c6a8e4e-d790-43c9-881f-83ee35b7fcfd"
          ],
          "failures": [],
          "pending": [],
          "skipped": [],
          "duration": 20649,
          "root": false,
          "rootEmpty": false,
          "_timeout": 2000
        }
      ],
      "passes": [],
      "failures": [],
      "pending": [],
      "skipped": [],
      "duration": 0,
      "root": true,
      "rootEmpty": true,
      "_timeout": 2000
    }
  ],
  "meta": {
    "mocha": {
      "version": "7.0.1"
    },
    "mochawesome": {
      "options": {
        "quiet": false,
        "reportFilename": "mochawesome",
        "saveHtml": false,
        "saveJson": true,
        "consoleReporter": "spec",
        "useInlineDiffs": false,
        "code": true
      },
      "version": "7.1.3"
    },
    "marge": {
      "options": {
        "reportDir": "cypress/reports",
        "overwrite": false,
        "html": false,
        "json": true
      },
      "version": "6.2.0"
    }
  }
}