{
  "stats": {
    "suites": 1,
    "tests": 3,
    "passes": 3,
    "pending": 0,
    "failures": 0,
    "start": "2022-12-17T05:26:45.590Z",
    "end": "2022-12-17T05:27:35.513Z",
    "duration": 49923,
    "testsRegistered": 3,
    "passPercent": 100,
    "pendingPercent": 0,
    "other": 0,
    "hasOther": false,
    "skipped": 0,
    "hasSkipped": false
  },
  "results": [
    {
      "uuid": "64a83a08-81c3-4c69-ac48-65f2d76c33b4",
      "title": "",
      "fullFile": "cypress\\e2e\\tests\\cart.cy.js",
      "file": "cypress\\e2e\\tests\\cart.cy.js",
      "beforeHooks": [],
      "afterHooks": [],
      "tests": [],
      "suites": [
        {
          "uuid": "eed0c4d9-dbd0-4375-a8b6-7cf96a013f11",
          "title": "Cart",
          "fullFile": "",
          "file": "",
          "beforeHooks": [],
          "afterHooks": [],
          "tests": [
            {
              "title": "View products in cart",
              "fullTitle": "Cart View products in cart",
              "timedOut": null,
              "duration": 22685,
              "state": "passed",
              "speed": "slow",
              "pass": true,
              "fail": false,
              "pending": false,
              "context": null,
              "code": "// Login with valid credentials\ncy.get(_authentication.default.signInRegisterBtn).should('be.visible');\ncy.get(_authentication.default.signInRegisterBtn).click();\n_authentication.default.login('marsenal2@yopmail.com', 'Password123!');\ncy.url().should('contain', 'products'); //Add products to the cart\n_addtocart.default.addToCart();\ncy.get(_addtocart.default.heelsHeader).should('be.visible');\ncy.get(_addtocart.default.heelsHeader).should('have.text', \" Quality Heal Shoes \");\ncy.get(_addtocart.default.backToShopping).should('be.visible');\ncy.get(_addtocart.default.backToShopping).click();\n_addtocart.default.addToCartTwo();\ncy.get(_addtocart.default.cartSummary).should('be.visible');\ncy.get(_addtocart.default.cartSummary).should('have.text', ' Cart summary ');\ncy.get(_addtocart.default.jeansHeader).should('be.visible');\ncy.get(_addtocart.default.jeansHeader).should('have.text', \" Quality Jeans Pants \");\ncy.get(_addtocart.default.backToShopping).should('be.visible');\ncy.get(_addtocart.default.backToShopping).click(); //Navigate to cart\n_cart.default.cartDetails();\ncy.url().should('contain', 'cart');\ncy.wait(3000);\ncy.get(_cart.default.heelsInCart).should('be.visible');\ncy.get(_cart.default.heelsInCart).should('have.text', \" Quality Heal Shoes \");\ncy.get(_cart.default.jeansInCart).should('be.visible');\ncy.get(_cart.default.jeansInCart).should('have.text', \" Quality Jeans Pants \");",
              "err": {},
              "uuid": "9f35aeb0-877d-4f56-8b0f-7fc2e9d72600",
              "parentUUID": "eed0c4d9-dbd0-4375-a8b6-7cf96a013f11",
              "isHook": false,
              "skipped": false
            },
            {
              "title": "Delete a product from cart",
              "fullTitle": "Cart Delete a product from cart",
              "timedOut": null,
              "duration": 13916,
              "state": "passed",
              "speed": "slow",
              "pass": true,
              "fail": false,
              "pending": false,
              "context": null,
              "code": "// Login with valid credentials\ncy.get(_authentication.default.signInRegisterBtn).should('be.visible');\ncy.get(_authentication.default.signInRegisterBtn).click();\n_authentication.default.login('marsenal2@yopmail.com', 'Password123!');\ncy.url().should('contain', 'products'); //Add a product to the cart\n_addtocart.default.addToCart();\ncy.get(_addtocart.default.backToShopping).should('be.visible');\ncy.get(_addtocart.default.backToShopping).click(); //Navigate to cart\n_cart.default.cartDetails();\ncy.get(_productgallery.default.cartQuantity).should('have.text', \" 1 \"); // Remove a product from the cart\ncy.get(_cart.default.deleteProduct).click();\ncy.get(_productgallery.default.cartQuantity).should('have.text', \" 0 \");",
              "err": {},
              "uuid": "438f4d18-85cc-442e-9d20-50c206b018d2",
              "parentUUID": "eed0c4d9-dbd0-4375-a8b6-7cf96a013f11",
              "isHook": false,
              "skipped": false
            },
            {
              "title": "Increase the quantity of the product in the cart",
              "fullTitle": "Cart Increase the quantity of the product in the cart",
              "timedOut": null,
              "duration": 12972,
              "state": "passed",
              "speed": "slow",
              "pass": true,
              "fail": false,
              "pending": false,
              "context": null,
              "code": "// Login with valid credentials\ncy.get(_authentication.default.signInRegisterBtn).should('be.visible');\ncy.get(_authentication.default.signInRegisterBtn).click();\n_authentication.default.login('marsenal2@yopmail.com', 'Password123!');\ncy.url().should('contain', 'products'); //Add a product to the cart\n_addtocart.default.addToCart();\ncy.get(_addtocart.default.backToShopping).should('be.visible');\ncy.get(_addtocart.default.backToShopping).click(); //Navigate to cart\n_cart.default.cartDetails(); // Increase the product quantity\n\ncy.get(_cart.default.quantityIncrease).should('be.visible');\ncy.get(_cart.default.quantityIncrease).click();\ncy.get(_cart.default.productQuantity).should('have.text', \"2\");\ncy.get('.snipcart-item-quantity__total-price').should('have.text', \" $40.00 \");",
              "err": {},
              "uuid": "386c18fe-3e83-4b0f-86a8-2ffdad8d3e82",
              "parentUUID": "eed0c4d9-dbd0-4375-a8b6-7cf96a013f11",
              "isHook": false,
              "skipped": false
            }
          ],
          "suites": [],
          "passes": [
            "9f35aeb0-877d-4f56-8b0f-7fc2e9d72600",
            "438f4d18-85cc-442e-9d20-50c206b018d2",
            "386c18fe-3e83-4b0f-86a8-2ffdad8d3e82"
          ],
          "failures": [],
          "pending": [],
          "skipped": [],
          "duration": 49573,
          "root": false,
          "rootEmpty": false,
          "_timeout": 2000
        }
      ],
      "passes": [],
      "failures": [],
      "pending": [],
      "skipped": [],
      "duration": 0,
      "root": true,
      "rootEmpty": true,
      "_timeout": 2000
    }
  ],
  "meta": {
    "mocha": {
      "version": "7.0.1"
    },
    "mochawesome": {
      "options": {
        "quiet": false,
        "reportFilename": "mochawesome",
        "saveHtml": false,
        "saveJson": true,
        "consoleReporter": "spec",
        "useInlineDiffs": false,
        "code": true
      },
      "version": "7.1.3"
    },
    "marge": {
      "options": {
        "reportDir": "cypress/reports",
        "overwrite": false,
        "html": false,
        "json": true
      },
      "version": "6.2.0"
    }
  }
}