{
  "stats": {
    "suites": 1,
    "tests": 3,
    "passes": 3,
    "pending": 0,
    "failures": 0,
    "start": "2022-12-17T18:37:39.742Z",
    "end": "2022-12-17T18:38:14.125Z",
    "duration": 34383,
    "testsRegistered": 3,
    "passPercent": 100,
    "pendingPercent": 0,
    "other": 0,
    "hasOther": false,
    "skipped": 0,
    "hasSkipped": false
  },
  "results": [
    {
      "uuid": "d34787cb-4f03-4f6e-a944-036654553c26",
      "title": "",
      "fullFile": "cypress\\e2e\\tests\\addtocart.cy.js",
      "file": "cypress\\e2e\\tests\\addtocart.cy.js",
      "beforeHooks": [],
      "afterHooks": [],
      "tests": [],
      "suites": [
        {
          "uuid": "22936e41-8e4e-4af3-9faf-0e3b641a5354",
          "title": "Add To Cart",
          "fullFile": "",
          "file": "",
          "beforeHooks": [],
          "afterHooks": [],
          "tests": [
            {
              "title": "Add a single item to cart",
              "fullTitle": "Add To Cart Add a single item to cart",
              "timedOut": null,
              "duration": 12871,
              "state": "passed",
              "speed": "slow",
              "pass": true,
              "fail": false,
              "pending": false,
              "context": null,
              "code": "// Login with valid credentials\ncy.get(_authentication.default.signInRegisterBtn).should('be.visible');\ncy.get(_authentication.default.signInRegisterBtn).click();\n_authentication.default.login('marsenal2@yopmail.com', 'Password123!');\ncy.url().should('contain', 'products'); //Add a product to cart\n_addtocart.default.addToCart();\ncy.get(_addtocart.default.cartSummary).should('have.text', ' Cart summary ');\ncy.get(_addtocart.default.heelsHeader).should('be.visible');\ncy.get(_addtocart.default.heelsHeader).should('have.text', \" Quality Heal Shoes \");",
              "err": {},
              "uuid": "23c3cca5-f03f-4655-aeb7-bbec43173c79",
              "parentUUID": "22936e41-8e4e-4af3-9faf-0e3b641a5354",
              "isHook": false,
              "skipped": false
            },
            {
              "title": "Add multiple items to cart",
              "fullTitle": "Add To Cart Add multiple items to cart",
              "timedOut": null,
              "duration": 11418,
              "state": "passed",
              "speed": "slow",
              "pass": true,
              "fail": false,
              "pending": false,
              "context": null,
              "code": "// Login with valid credentials\ncy.get(_authentication.default.signInRegisterBtn).should('be.visible');\ncy.get(_authentication.default.signInRegisterBtn).click();\n_authentication.default.login('marsenal2@yopmail.com', 'Password123!');\ncy.url().should('contain', 'products'); //Add a product to cart\n_addtocart.default.addToCart();\ncy.get(_addtocart.default.cartSummary).should('have.text', ' Cart summary ');\ncy.get(_addtocart.default.heelsHeader).should('be.visible');\ncy.get(_addtocart.default.heelsHeader).should('have.text', \" Quality Heal Shoes \"); //Go back to product gallery\ncy.get(_addtocart.default.backToShopping).should('be.visible');\ncy.get(_addtocart.default.backToShopping).click(); //Add another item to cart\n_addtocart.default.addToCartTwo();\ncy.get(_addtocart.default.cartSummary).should('have.text', ' Cart summary ');\ncy.get(_addtocart.default.jeansHeader).should('be.visible');\ncy.get(_addtocart.default.jeansHeader).should('have.text', \" Quality Jeans Pants \");",
              "err": {},
              "uuid": "1dabc4e5-5089-4a90-908d-49f5b1eef402",
              "parentUUID": "22936e41-8e4e-4af3-9faf-0e3b641a5354",
              "isHook": false,
              "skipped": false
            },
            {
              "title": "Add an item to cart from the product details page",
              "fullTitle": "Add To Cart Add an item to cart from the product details page",
              "timedOut": null,
              "duration": 9863,
              "state": "passed",
              "speed": "medium",
              "pass": true,
              "fail": false,
              "pending": false,
              "context": null,
              "code": "// Login with valid credentials\ncy.get(_authentication.default.signInRegisterBtn).should('be.visible');\ncy.get(_authentication.default.signInRegisterBtn).click();\n_authentication.default.login('marsenal2@yopmail.com', 'Password123!');\ncy.url().should('contain', 'products'); //Select a product to view\ncy.get(_addtocart.default.mugDetails).click();\ncy.url().should('contain', 'quality-mug'); //Add the product to cart\ncy.get(_addtocart.default.mugAddToCart).should('be.visible');\ncy.wait(1500);\ncy.get(_addtocart.default.mugAddToCart).click(); //  cy.get(AddToCart.cartSummary).should('be.visible')\ncy.get(_addtocart.default.cartSummary).should('have.text', ' Cart summary ');\ncy.get(_addtocart.default.mugHeader).should('be.visible');\ncy.get(_addtocart.default.mugHeader).should('have.text', \" Quality Mug \");",
              "err": {},
              "uuid": "cedb85ff-c24f-452e-95fb-5247a458c8f2",
              "parentUUID": "22936e41-8e4e-4af3-9faf-0e3b641a5354",
              "isHook": false,
              "skipped": false
            }
          ],
          "suites": [],
          "passes": [
            "23c3cca5-f03f-4655-aeb7-bbec43173c79",
            "1dabc4e5-5089-4a90-908d-49f5b1eef402",
            "cedb85ff-c24f-452e-95fb-5247a458c8f2"
          ],
          "failures": [],
          "pending": [],
          "skipped": [],
          "duration": 34152,
          "root": false,
          "rootEmpty": false,
          "_timeout": 2000
        }
      ],
      "passes": [],
      "failures": [],
      "pending": [],
      "skipped": [],
      "duration": 0,
      "root": true,
      "rootEmpty": true,
      "_timeout": 2000
    }
  ],
  "meta": {
    "mocha": {
      "version": "7.0.1"
    },
    "mochawesome": {
      "options": {
        "quiet": false,
        "reportFilename": "mochawesome",
        "saveHtml": false,
        "saveJson": true,
        "consoleReporter": "spec",
        "useInlineDiffs": false,
        "code": true
      },
      "version": "7.1.3"
    },
    "marge": {
      "options": {
        "reportDir": "cypress/reports",
        "overwrite": false,
        "html": false,
        "json": true
      },
      "version": "6.2.0"
    }
  }
}